#
# A fatal error has been detected by the Java Runtime Environment:
#
#  SIGSEGV (0xb) at pc=0x00007f92d9a4cd53, pid=13355, tid=0x00007f92da5bc700
#
# JRE version: Java(TM) SE Runtime Environment (8.0_101-b13) (build 1.8.0_101-b13)
# Java VM: Java HotSpot(TM) 64-Bit Server VM (25.101-b13 mixed mode linux-amd64 compressed oops)
# Problematic frame:
# C  [libc.so.6+0x95d53]  strchrnul+0x23
#
# Failed to write core dump. Core dumps have been disabled. To enable core dumping, try "ulimit -c unlimited" before starting Java again
#
# If you would like to submit a bug report, please visit:
#   http://bugreport.java.com/bugreport/crash.jsp
# The crash happened outside the Java Virtual Machine in native code.
# See problematic frame for where to report the bug.
#

---------------  T H R E A D  ---------------

Current thread (0x00007f92d4009800):  JavaThread "main" [_thread_in_native, id=13358, stack(0x00007f92da4bc000,0x00007f92da5bd000)]

siginfo: si_signo: 11 (SIGSEGV), si_code: 1 (SEGV_MAPERR), si_addr: 0x0000000000000001

Registers:
RAX=0x0000000000000001, RBX=0x00007f92d9d7b620, RCX=0x00000000fbad2884, RDX=0x00007f92da5bb798
RSP=0x00007f92da5bb208, RBP=0x00007f92da5bb780, RSI=0x0000000000000025, RDI=0x0000000000000001
R8 =0x00007f92d9d7c780, R9 =0x00007f92da5bc700, R10=0x00000000000001d6, R11=0x00007f92d9a281d0
R12=0x0000000000000001, R13=0x00007f92da5bb798, R14=0x0000000000000000, R15=0x00007f92d4009800
RIP=0x00007f92d9a4cd53, EFLAGS=0x0000000000010287, CSGSFS=0x0000000000000033, ERR=0x0000000000000004
  TRAPNO=0x000000000000000e

Top of Stack: (sp=0x00007f92da5bb208)
0x00007f92da5bb208:   00007f92d9a041c8 00000000eb74d540
0x00007f92da5bb218:   00000000eb74d540 00000000eb760e78
0x00007f92da5bb228:   00000000eb74d3f0 0000000000001fa0
0x00007f92da5bb238:   0000000000000000 00007f92d4009800
0x00007f92da5bb248:   00007f92da5bb310 00007f92d40072b0
0x00007f92da5bb258:   00007f92da5bb2d0 00007f92da5bb2d0
0x00007f92da5bb268:   00007f92da5bb5f8 00007f92da5bb2d0
0x00007f92da5bb278:   00007f92da5bb5f0 00007f92da5bb310
0x00007f92da5bb288:   00007f92d4009800 00007f92da5bb400
0x00007f92da5bb298:   00007f92d9058835 00007f9200000002
0x00007f92da5bb2a8:   00007f92d4009800 00007f92da5bb4f0
0x00007f92da5bb2b8:   00007f92da5bb5f0 00007f92c45b7c80
0x00007f92da5bb2c8:   00007f920000000b 00007f92fbad2884
0x00007f92da5bb2d8:   00000016d4074e00 00007f92c13f36e8
0x00007f92da5bb2e8:   0000000000000000 00007f92da5bb8b0
0x00007f92da5bb2f8:   0000000000000000 00007f92da5bb900
0x00007f92da5bb308:   00007f92da5bb5f0 00007f92d4009800
0x00007f92da5bb318:   00007f92d40086f0 00007f92d400a280
0x00007f92da5bb328:   0000003000000008 00007f92da5bb870
0x00007f92da5bb338:   00007f92da5bb7b0 00007f92da5bba70
0x00007f92da5bb348:   00007f92da5bb3b0 00007f92c13f36e8
0x00007f92da5bb358:   00007f92d4009800 0000000000000000
0x00007f92da5bb368:   00007f92d4009800 00007f92c13f36e8
0x00007f92da5bb378:   00007f92d4009800 00007f92d4009800
0x00007f92da5bb388:   00007f92d4009800 00007f92da5bb3c0
0x00007f92da5bb398:   00007f92da4298c0 00007f92c13f36e8
0x00007f92da5bb3a8:   00007f92d4009800 00007f92c13f36e8
0x00007f92da5bb3b8:   00007f92d4009800 00007f92c13f36e8
0x00007f92da5bb3c8:   00007f92d4009800 00007f92da5bb420
0x00007f92da5bb3d8:   00007f92d4008730 00007f92d40072b0
0x00007f92da5bb3e8:   00007f92d4009800 00007f92da5bb5f0
0x00007f92da5bb3f8:   00007f92da5bb4f0 00007f92da5bb4e0 

Instructions: (pc=0x00007f92d9a4cd53)
0x00007f92d9a4cd33:   ce 89 f8 25 ff 0f 00 00 66 0f 60 c9 3d c0 0f 00
0x00007f92d9a4cd43:   00 66 0f 61 c9 66 0f 70 c9 00 0f 8f 4d 01 00 00
0x00007f92d9a4cd53:   f3 0f 6f 07 66 0f ef db 66 0f 6f e0 66 0f 74 c1
0x00007f92d9a4cd63:   66 0f 74 e3 66 0f eb c4 66 0f d7 c0 85 c0 74 0d 

Register to memory mapping:

RAX=0x0000000000000001 is an unknown value
RBX=0x00007f92d9d7b620: _IO_2_1_stdout_+0 in /lib/x86_64-linux-gnu/libc.so.6 at 0x00007f92d99b7000
RCX=0x00000000fbad2884 is an unallocated location in the heap
RDX=0x00007f92da5bb798 is pointing into the stack for thread: 0x00007f92d4009800
RSP=0x00007f92da5bb208 is pointing into the stack for thread: 0x00007f92d4009800
RBP=0x00007f92da5bb780 is pointing into the stack for thread: 0x00007f92d4009800
RSI=0x0000000000000025 is an unknown value
RDI=0x0000000000000001 is an unknown value
R8 =0x00007f92d9d7c780: <offset 0x3c5780> in /lib/x86_64-linux-gnu/libc.so.6 at 0x00007f92d99b7000
R9 =0x00007f92da5bc700 is pointing into the stack for thread: 0x00007f92d4009800
R10=0x00000000000001d6 is an unknown value
R11=0x00007f92d9a281d0: putchar+0 in /lib/x86_64-linux-gnu/libc.so.6 at 0x00007f92d99b7000
R12=0x0000000000000001 is an unknown value
R13=0x00007f92da5bb798 is pointing into the stack for thread: 0x00007f92d4009800
R14=0x0000000000000000 is an unknown value
R15=0x00007f92d4009800 is a thread


Stack: [0x00007f92da4bc000,0x00007f92da5bd000],  sp=0x00007f92da5bb208,  free space=1020k
Native frames: (J=compiled Java code, j=interpreted, Vv=VM code, C=native code)
C  [libc.so.6+0x95d53]  strchrnul+0x23
C  [libc.so.6+0x55849]  _IO_printf+0x99
j  packetmaker.RawPacketSender.sendPacket([C)V+0
j  packetmaker.Main.main([Ljava/lang/String;)V+22
v  ~StubRoutines::call_stub
V  [libjvm.so+0x68f6b6]  JavaCalls::call_helper(JavaValue*, methodHandle*, JavaCallArguments*, Thread*)+0x1056
V  [libjvm.so+0x6d0d42]  jni_invoke_static(JNIEnv_*, JavaValue*, _jobject*, JNICallType, _jmethodID*, JNI_ArgumentPusher*, Thread*)+0x362
V  [libjvm.so+0x6ed5aa]  jni_CallStaticVoidMethod+0x17a
C  [libjli.so+0x7bdf]  JavaMain+0x81f
C  [libpthread.so.0+0x76fa]  start_thread+0xca

Java frames: (J=compiled Java code, j=interpreted, Vv=VM code)
j  packetmaker.RawPacketSender.sendPacket([C)V+0
j  packetmaker.Main.main([Ljava/lang/String;)V+22
v  ~StubRoutines::call_stub

---------------  P R O C E S S  ---------------

Java Threads: ( => current thread )
  0x00007f92d40ba000 JavaThread "Service Thread" daemon [_thread_blocked, id=13368, stack(0x00007f92c0183000,0x00007f92c0284000)]
  0x00007f92d40b7800 JavaThread "C1 CompilerThread1" daemon [_thread_blocked, id=13367, stack(0x00007f92c0284000,0x00007f92c0385000)]
  0x00007f92d40b4800 JavaThread "C2 CompilerThread0" daemon [_thread_blocked, id=13366, stack(0x00007f92c0385000,0x00007f92c0486000)]
  0x00007f92d40b3000 JavaThread "Signal Dispatcher" daemon [_thread_blocked, id=13365, stack(0x00007f92c0486000,0x00007f92c0587000)]
  0x00007f92d407f800 JavaThread "Finalizer" daemon [_thread_blocked, id=13364, stack(0x00007f92c0587000,0x00007f92c0688000)]
  0x00007f92d407b000 JavaThread "Reference Handler" daemon [_thread_blocked, id=13363, stack(0x00007f92c0688000,0x00007f92c0789000)]
=>0x00007f92d4009800 JavaThread "main" [_thread_in_native, id=13358, stack(0x00007f92da4bc000,0x00007f92da5bd000)]

Other Threads:
  0x00007f92d4073800 VMThread [stack: 0x00007f92c0789000,0x00007f92c088a000] [id=13362]
  0x00007f92d40bd000 WatcherThread [stack: 0x00007f92c0082000,0x00007f92c0183000] [id=13369]

VM state:not at safepoint (normal execution)

VM Mutex/Monitor currently owned by a thread: None

Heap:
 PSYoungGen      total 18432K, used 635K [0x00000000eb700000, 0x00000000ecb80000, 0x0000000100000000)
  eden space 15872K, 4% used [0x00000000eb700000,0x00000000eb79ec00,0x00000000ec680000)
  from space 2560K, 0% used [0x00000000ec900000,0x00000000ec900000,0x00000000ecb80000)
  to   space 2560K, 0% used [0x00000000ec680000,0x00000000ec680000,0x00000000ec900000)
 ParOldGen       total 42496K, used 0K [0x00000000c2400000, 0x00000000c4d80000, 0x00000000eb700000)
  object space 42496K, 0% used [0x00000000c2400000,0x00000000c2400000,0x00000000c4d80000)
 Metaspace       used 2481K, capacity 4486K, committed 4864K, reserved 1056768K
  class space    used 267K, capacity 386K, committed 512K, reserved 1048576K

Card table byte_map: [0x00007f92c3ff6000,0x00007f92c41e5000] byte_map_base: 0x00007f92c39e4000

Marking Bits: (ParMarkBitMap*) 0x00007f92d998a120
 Begin Bits: [0x00007f92c1dca000, 0x00007f92c2d3a000)
 End Bits:   [0x00007f92c2d3a000, 0x00007f92c3caa000)

Polling page: 0x00007f92da5d9000

CodeCache: size=245760Kb used=1071Kb max_used=1071Kb free=244689Kb
 bounds [0x00007f92c45a5000, 0x00007f92c4815000, 0x00007f92d35a5000]
 total_blobs=238 nmethods=10 adapters=143
 compilation: enabled

Compilation events (10 events):
Event: 0.128 Thread 0x00007f92d40b7800    5       3       java.lang.String::indexOf (70 bytes)
Event: 0.128 Thread 0x00007f92d40b7800 nmethod 5 0x00007f92c46af990 code [0x00007f92c46afb20, 0x00007f92c46afea8]
Event: 0.128 Thread 0x00007f92d40b7800    6       3       java.lang.Object::<init> (1 bytes)
Event: 0.128 Thread 0x00007f92d40b7800 nmethod 6 0x00007f92c46affd0 code [0x00007f92c46b0140, 0x00007f92c46b0290]
Event: 0.128 Thread 0x00007f92d40b7800    9       3       java.lang.Math::min (11 bytes)
Event: 0.128 Thread 0x00007f92d40b7800 nmethod 9 0x00007f92c46b0310 code [0x00007f92c46b0480, 0x00007f92c46b0610]
Event: 0.128 Thread 0x00007f92d40b7800    8       1       java.lang.ref.Reference::get (5 bytes)
Event: 0.129 Thread 0x00007f92d40b7800 nmethod 8 0x00007f92c46b0690 code [0x00007f92c46b07e0, 0x00007f92c46b08f0]
Event: 0.129 Thread 0x00007f92d40b7800   10       1       java.lang.ThreadLocal::access$400 (5 bytes)
Event: 0.129 Thread 0x00007f92d40b7800 nmethod 10 0x00007f92c46b0950 code [0x00007f92c46b0aa0, 0x00007f92c46b0b90]

GC Heap History (0 events):
No events

Deoptimization events (0 events):
No events

Internal exceptions (2 events):
Event: 0.068 Thread 0x00007f92d4009800 Exception <a 'java/lang/NoSuchMethodError': Method sun.misc.Unsafe.defineClass(Ljava/lang/String;[BII)Ljava/lang/Class; name or signature does not match> (0x00000000eb707cc0) thrown at [/HUDSON3/workspace/8-2-build-linux-amd64/jdk8u101/7261/hotspot/src/sh
Event: 0.068 Thread 0x00007f92d4009800 Exception <a 'java/lang/NoSuchMethodError': Method sun.misc.Unsafe.prefetchRead(Ljava/lang/Object;J)V name or signature does not match> (0x00000000eb707fa8) thrown at [/HUDSON3/workspace/8-2-build-linux-amd64/jdk8u101/7261/hotspot/src/share/vm/prims/jni.c

Events (10 events):
Event: 0.139 loading class java/security/BasicPermissionCollection
Event: 0.139 loading class java/security/BasicPermissionCollection done
Event: 0.140 loading class sun/launcher/LauncherHelper$FXHelper
Event: 0.140 loading class sun/launcher/LauncherHelper$FXHelper done
Event: 0.140 loading class java/lang/Class$MethodArray
Event: 0.140 loading class java/lang/Class$MethodArray done
Event: 0.140 loading class java/lang/Void
Event: 0.140 loading class java/lang/Void done
Event: 0.147 loading class packetmaker/RawPacketSender
Event: 0.147 loading class packetmaker/RawPacketSender done


Dynamic libraries:
00400000-00401000 r-xp 00000000 08:01 41869                              /usr/local/java/jdk1.8.0_101/bin/java
00600000-00601000 rw-p 00000000 08:01 41869                              /usr/local/java/jdk1.8.0_101/bin/java
006eb000-0070c000 rw-p 00000000 00:00 0                                  [heap]
c2400000-c4d80000 rw-p 00000000 00:00 0 
c4d80000-eb700000 ---p 00000000 00:00 0 
eb700000-ecb80000 rw-p 00000000 00:00 0 
ecb80000-100000000 ---p 00000000 00:00 0 
100000000-100080000 rw-p 00000000 00:00 0 
100080000-140000000 ---p 00000000 00:00 0 
7f9294000000-7f9294021000 rw-p 00000000 00:00 0 
7f9294021000-7f9298000000 ---p 00000000 00:00 0 
7f9298000000-7f9298021000 rw-p 00000000 00:00 0 
7f9298021000-7f929c000000 ---p 00000000 00:00 0 
7f929c000000-7f929c04e000 rw-p 00000000 00:00 0 
7f929c04e000-7f92a0000000 ---p 00000000 00:00 0 
7f92a0000000-7f92a0021000 rw-p 00000000 00:00 0 
7f92a0021000-7f92a4000000 ---p 00000000 00:00 0 
7f92a4000000-7f92a4021000 rw-p 00000000 00:00 0 
7f92a4021000-7f92a8000000 ---p 00000000 00:00 0 
7f92a8000000-7f92a8021000 rw-p 00000000 00:00 0 
7f92a8021000-7f92ac000000 ---p 00000000 00:00 0 
7f92ac000000-7f92ac021000 rw-p 00000000 00:00 0 
7f92ac021000-7f92b0000000 ---p 00000000 00:00 0 
7f92b0000000-7f92b0021000 rw-p 00000000 00:00 0 
7f92b0021000-7f92b4000000 ---p 00000000 00:00 0 
7f92b4000000-7f92b4021000 rw-p 00000000 00:00 0 
7f92b4021000-7f92b8000000 ---p 00000000 00:00 0 
7f92bb1b8000-7f92bb43f000 rw-p 00000000 00:00 0 
7f92bb43f000-7f92bb440000 r-xp 00000000 08:01 191231                     /home/zak/NetBeansProjects/RawPacketOutputterJNI/dist/libRawPacketOutputterJNI.so
7f92bb440000-7f92bb63f000 ---p 00001000 08:01 191231                     /home/zak/NetBeansProjects/RawPacketOutputterJNI/dist/libRawPacketOutputterJNI.so
7f92bb63f000-7f92bb640000 r--p 00000000 08:01 191231                     /home/zak/NetBeansProjects/RawPacketOutputterJNI/dist/libRawPacketOutputterJNI.so
7f92bb640000-7f92bb641000 rw-p 00001000 08:01 191231                     /home/zak/NetBeansProjects/RawPacketOutputterJNI/dist/libRawPacketOutputterJNI.so
7f92bb641000-7f92bc000000 r--p 00000000 08:01 9153                       /usr/lib/locale/locale-archive
7f92bc000000-7f92bc021000 rw-p 00000000 00:00 0 
7f92bc021000-7f92c0000000 ---p 00000000 00:00 0 
7f92c0082000-7f92c0083000 ---p 00000000 00:00 0 
7f92c0083000-7f92c0183000 rw-p 00000000 00:00 0 
7f92c0183000-7f92c0186000 ---p 00000000 00:00 0 
7f92c0186000-7f92c0284000 rw-p 00000000 00:00 0 
7f92c0284000-7f92c0287000 ---p 00000000 00:00 0 
7f92c0287000-7f92c0385000 rw-p 00000000 00:00 0 
7f92c0385000-7f92c0388000 ---p 00000000 00:00 0 
7f92c0388000-7f92c0486000 rw-p 00000000 00:00 0 
7f92c0486000-7f92c0489000 ---p 00000000 00:00 0 
7f92c0489000-7f92c0587000 rw-p 00000000 00:00 0 
7f92c0587000-7f92c058a000 ---p 00000000 00:00 0 
7f92c058a000-7f92c0688000 rw-p 00000000 00:00 0 
7f92c0688000-7f92c068b000 ---p 00000000 00:00 0 
7f92c068b000-7f92c0789000 rw-p 00000000 00:00 0 
7f92c0789000-7f92c078a000 ---p 00000000 00:00 0 
7f92c078a000-7f92c1203000 rw-p 00000000 00:00 0 
7f92c1203000-7f92c13dc000 r--s 03d29000 08:01 41945                      /usr/local/java/jdk1.8.0_101/jre/lib/rt.jar
7f92c13dc000-7f92c181c000 rw-p 00000000 00:00 0 
7f92c181c000-7f92c1bdc000 ---p 00000000 00:00 0 
7f92c1bdc000-7f92c3caa000 rw-p 00000000 00:00 0 
7f92c3caa000-7f92c3cab000 ---p 00000000 00:00 0 
7f92c3cab000-7f92c3dab000 rw-p 00000000 00:00 0 
7f92c3dab000-7f92c3dac000 ---p 00000000 00:00 0 
7f92c3dac000-7f92c3ec1000 rw-p 00000000 00:00 0 
7f92c3ec1000-7f92c3ff6000 ---p 00000000 00:00 0 
7f92c3ff6000-7f92c400b000 rw-p 00000000 00:00 0 
7f92c400b000-7f92c413f000 ---p 00000000 00:00 0 
7f92c413f000-7f92c414a000 rw-p 00000000 00:00 0 
7f92c414a000-7f92c41e4000 ---p 00000000 00:00 0 
7f92c41e4000-7f92c41ef000 rw-p 00000000 00:00 0 
7f92c41ef000-7f92c45a5000 ---p 00000000 00:00 0 
7f92c45a5000-7f92c4815000 rwxp 00000000 00:00 0 
7f92c4815000-7f92d35a5000 ---p 00000000 00:00 0 
7f92d35a5000-7f92d35bf000 r-xp 00000000 08:01 41974                      /usr/local/java/jdk1.8.0_101/jre/lib/amd64/libzip.so
7f92d35bf000-7f92d37bf000 ---p 0001a000 08:01 41974                      /usr/local/java/jdk1.8.0_101/jre/lib/amd64/libzip.so
7f92d37bf000-7f92d37c0000 rw-p 0001a000 08:01 41974                      /usr/local/java/jdk1.8.0_101/jre/lib/amd64/libzip.so
7f92d37c0000-7f92d37cb000 r-xp 00000000 08:01 268304                     /lib/x86_64-linux-gnu/libnss_files-2.23.so
7f92d37cb000-7f92d39ca000 ---p 0000b000 08:01 268304                     /lib/x86_64-linux-gnu/libnss_files-2.23.so
7f92d39ca000-7f92d39cb000 r--p 0000a000 08:01 268304                     /lib/x86_64-linux-gnu/libnss_files-2.23.so
7f92d39cb000-7f92d39cc000 rw-p 0000b000 08:01 268304                     /lib/x86_64-linux-gnu/libnss_files-2.23.so
7f92d39cc000-7f92d39d2000 rw-p 00000000 00:00 0 
7f92d39d2000-7f92d39dd000 r-xp 00000000 08:01 268314                     /lib/x86_64-linux-gnu/libnss_nis-2.23.so
7f92d39dd000-7f92d3bdc000 ---p 0000b000 08:01 268314                     /lib/x86_64-linux-gnu/libnss_nis-2.23.so
7f92d3bdc000-7f92d3bdd000 r--p 0000a000 08:01 268314                     /lib/x86_64-linux-gnu/libnss_nis-2.23.so
7f92d3bdd000-7f92d3bde000 rw-p 0000b000 08:01 268314                     /lib/x86_64-linux-gnu/libnss_nis-2.23.so
7f92d3bde000-7f92d3bf4000 r-xp 00000000 08:01 268298                     /lib/x86_64-linux-gnu/libnsl-2.23.so
7f92d3bf4000-7f92d3df3000 ---p 00016000 08:01 268298                     /lib/x86_64-linux-gnu/libnsl-2.23.so
7f92d3df3000-7f92d3df4000 r--p 00015000 08:01 268298                     /lib/x86_64-linux-gnu/libnsl-2.23.so
7f92d3df4000-7f92d3df5000 rw-p 00016000 08:01 268298                     /lib/x86_64-linux-gnu/libnsl-2.23.so
7f92d3df5000-7f92d3df7000 rw-p 00000000 00:00 0 
7f92d3df7000-7f92d3dff000 r-xp 00000000 08:01 268300                     /lib/x86_64-linux-gnu/libnss_compat-2.23.so
7f92d3dff000-7f92d3ffe000 ---p 00008000 08:01 268300                     /lib/x86_64-linux-gnu/libnss_compat-2.23.so
7f92d3ffe000-7f92d3fff000 r--p 00007000 08:01 268300                     /lib/x86_64-linux-gnu/libnss_compat-2.23.so
7f92d3fff000-7f92d4000000 rw-p 00008000 08:01 268300                     /lib/x86_64-linux-gnu/libnss_compat-2.23.so
7f92d4000000-7f92d40ea000 rw-p 00000000 00:00 0 
7f92d40ea000-7f92d8000000 ---p 00000000 00:00 0 
7f92d8007000-7f92d807d000 rw-p 00000000 00:00 0 
7f92d807d000-7f92d80a7000 r-xp 00000000 08:01 42000                      /usr/local/java/jdk1.8.0_101/jre/lib/amd64/libjava.so
7f92d80a7000-7f92d82a7000 ---p 0002a000 08:01 42000                      /usr/local/java/jdk1.8.0_101/jre/lib/amd64/libjava.so
7f92d82a7000-7f92d82a9000 rw-p 0002a000 08:01 42000                      /usr/local/java/jdk1.8.0_101/jre/lib/amd64/libjava.so
7f92d82a9000-7f92d82b6000 r-xp 00000000 08:01 41954                      /usr/local/java/jdk1.8.0_101/jre/lib/amd64/libverify.so
7f92d82b6000-7f92d84b6000 ---p 0000d000 08:01 41954                      /usr/local/java/jdk1.8.0_101/jre/lib/amd64/libverify.so
7f92d84b6000-7f92d84b8000 rw-p 0000d000 08:01 41954                      /usr/local/java/jdk1.8.0_101/jre/lib/amd64/libverify.so
7f92d84b8000-7f92d84bf000 r-xp 00000000 08:01 268359                     /lib/x86_64-linux-gnu/librt-2.23.so
7f92d84bf000-7f92d86be000 ---p 00007000 08:01 268359                     /lib/x86_64-linux-gnu/librt-2.23.so
7f92d86be000-7f92d86bf000 r--p 00006000 08:01 268359                     /lib/x86_64-linux-gnu/librt-2.23.so
7f92d86bf000-7f92d86c0000 rw-p 00007000 08:01 268359                     /lib/x86_64-linux-gnu/librt-2.23.so
7f92d86c0000-7f92d87c8000 r-xp 00000000 08:01 268275                     /lib/x86_64-linux-gnu/libm-2.23.so
7f92d87c8000-7f92d89c7000 ---p 00108000 08:01 268275                     /lib/x86_64-linux-gnu/libm-2.23.so
7f92d89c7000-7f92d89c8000 r--p 00107000 08:01 268275                     /lib/x86_64-linux-gnu/libm-2.23.so
7f92d89c8000-7f92d89c9000 rw-p 00108000 08:01 268275                     /lib/x86_64-linux-gnu/libm-2.23.so
7f92d89c9000-7f92d9694000 r-xp 00000000 08:01 42004                      /usr/local/java/jdk1.8.0_101/jre/lib/amd64/server/libjvm.so
7f92d9694000-7f92d9893000 ---p 00ccb000 08:01 42004                      /usr/local/java/jdk1.8.0_101/jre/lib/amd64/server/libjvm.so
7f92d9893000-7f92d996c000 rw-p 00cca000 08:01 42004                      /usr/local/java/jdk1.8.0_101/jre/lib/amd64/server/libjvm.so
7f92d996c000-7f92d99b7000 rw-p 00000000 00:00 0 
7f92d99b7000-7f92d9b77000 r-xp 00000000 08:01 268205                     /lib/x86_64-linux-gnu/libc-2.23.so
7f92d9b77000-7f92d9d76000 ---p 001c0000 08:01 268205                     /lib/x86_64-linux-gnu/libc-2.23.so
7f92d9d76000-7f92d9d7a000 r--p 001bf000 08:01 268205                     /lib/x86_64-linux-gnu/libc-2.23.so
7f92d9d7a000-7f92d9d7c000 rw-p 001c3000 08:01 268205                     /lib/x86_64-linux-gnu/libc-2.23.so
7f92d9d7c000-7f92d9d80000 rw-p 00000000 00:00 0 
7f92d9d80000-7f92d9d83000 r-xp 00000000 08:01 268229                     /lib/x86_64-linux-gnu/libdl-2.23.so
7f92d9d83000-7f92d9f82000 ---p 00003000 08:01 268229                     /lib/x86_64-linux-gnu/libdl-2.23.so
7f92d9f82000-7f92d9f83000 r--p 00002000 08:01 268229                     /lib/x86_64-linux-gnu/libdl-2.23.so
7f92d9f83000-7f92d9f84000 rw-p 00003000 08:01 268229                     /lib/x86_64-linux-gnu/libdl-2.23.so
7f92d9f84000-7f92d9f99000 r-xp 00000000 08:01 40302                      /usr/local/java/jdk1.8.0_101/lib/amd64/jli/libjli.so
7f92d9f99000-7f92da199000 ---p 00015000 08:01 40302                      /usr/local/java/jdk1.8.0_101/lib/amd64/jli/libjli.so
7f92da199000-7f92da19a000 rw-p 00015000 08:01 40302                      /usr/local/java/jdk1.8.0_101/lib/amd64/jli/libjli.so
7f92da19a000-7f92da1b2000 r-xp 00000000 08:01 268351                     /lib/x86_64-linux-gnu/libpthread-2.23.so
7f92da1b2000-7f92da3b1000 ---p 00018000 08:01 268351                     /lib/x86_64-linux-gnu/libpthread-2.23.so
7f92da3b1000-7f92da3b2000 r--p 00017000 08:01 268351                     /lib/x86_64-linux-gnu/libpthread-2.23.so
7f92da3b2000-7f92da3b3000 rw-p 00018000 08:01 268351                     /lib/x86_64-linux-gnu/libpthread-2.23.so
7f92da3b3000-7f92da3b7000 rw-p 00000000 00:00 0 
7f92da3b7000-7f92da3dd000 r-xp 00000000 08:01 268177                     /lib/x86_64-linux-gnu/ld-2.23.so
7f92da3e3000-7f92da4bc000 rw-p 00000000 00:00 0 
7f92da4bc000-7f92da4bf000 ---p 00000000 00:00 0 
7f92da4bf000-7f92da5c1000 rw-p 00000000 00:00 0 
7f92da5d0000-7f92da5d8000 rw-s 00000000 08:01 432154                     /tmp/hsperfdata_root/13355
7f92da5d8000-7f92da5d9000 rw-p 00000000 00:00 0 
7f92da5d9000-7f92da5da000 r--p 00000000 00:00 0 
7f92da5da000-7f92da5dc000 rw-p 00000000 00:00 0 
7f92da5dc000-7f92da5dd000 r--p 00025000 08:01 268177                     /lib/x86_64-linux-gnu/ld-2.23.so
7f92da5dd000-7f92da5de000 rw-p 00026000 08:01 268177                     /lib/x86_64-linux-gnu/ld-2.23.so
7f92da5de000-7f92da5df000 rw-p 00000000 00:00 0 
7ffc19aa5000-7ffc19ac6000 rw-p 00000000 00:00 0                          [stack]
7ffc19acc000-7ffc19ace000 r--p 00000000 00:00 0                          [vvar]
7ffc19ace000-7ffc19ad0000 r-xp 00000000 00:00 0                          [vdso]
ffffffffff600000-ffffffffff601000 r-xp 00000000 00:00 0                  [vsyscall]

VM Arguments:
jvm_args: -Dfile.encoding=UTF-8 
java_command: packetmaker.Main
java_class_path (initial): /home/zak/NetBeansProjects/PacketMaker/build/classes
Launcher Type: SUN_STANDARD

Environment Variables:
PATH=/usr/local/sbin:/usr/local/bin:/usr/sbin:/usr/bin:/sbin:/bin
USERNAME=root
LD_LIBRARY_PATH=/usr/local/java/jdk1.8.0_101/jre/lib/amd64:/usr/local/java/jdk1.8.0_101/jre/lib/i386:
SHELL=/bin/bash
DISPLAY=:0

Signal Handlers:
SIGSEGV: [libjvm.so+0xac4790], sa_mask[0]=11111111011111111101111111111110, sa_flags=SA_RESTART|SA_SIGINFO
SIGBUS: [libjvm.so+0xac4790], sa_mask[0]=11111111011111111101111111111110, sa_flags=SA_RESTART|SA_SIGINFO
SIGFPE: [libjvm.so+0x91f140], sa_mask[0]=11111111011111111101111111111110, sa_flags=SA_RESTART|SA_SIGINFO
SIGPIPE: [libjvm.so+0x91f140], sa_mask[0]=11111111011111111101111111111110, sa_flags=SA_RESTART|SA_SIGINFO
SIGXFSZ: [libjvm.so+0x91f140], sa_mask[0]=11111111011111111101111111111110, sa_flags=SA_RESTART|SA_SIGINFO
SIGILL: [libjvm.so+0x91f140], sa_mask[0]=11111111011111111101111111111110, sa_flags=SA_RESTART|SA_SIGINFO
SIGUSR1: SIG_DFL, sa_mask[0]=00000000000000000000000000000000, sa_flags=none
SIGUSR2: [libjvm.so+0x920770], sa_mask[0]=00100000000000000000000000000000, sa_flags=SA_RESTART|SA_SIGINFO
SIGHUP: [libjvm.so+0x921b70], sa_mask[0]=11111111011111111101111111111110, sa_flags=SA_RESTART|SA_SIGINFO
SIGINT: SIG_IGN, sa_mask[0]=00000000000000000000000000000000, sa_flags=none
SIGTERM: [libjvm.so+0x921b70], sa_mask[0]=11111111011111111101111111111110, sa_flags=SA_RESTART|SA_SIGINFO
SIGQUIT: [libjvm.so+0x921b70], sa_mask[0]=11111111011111111101111111111110, sa_flags=SA_RESTART|SA_SIGINFO


---------------  S Y S T E M  ---------------

OS:DISTRIB_ID=Ubuntu
DISTRIB_RELEASE=16.04
DISTRIB_CODENAME=xenial
DISTRIB_DESCRIPTION="Ubuntu 16.04.1 LTS"

uname:Linux 4.4.0-31-generic #50-Ubuntu SMP Wed Jul 13 00:07:12 UTC 2016 x86_64
libc:glibc 2.23 NPTL 2.23 
rlimit: STACK 8192k, CORE 0k, NPROC 15656, NOFILE 65536, AS infinity
load average:0.24 0.30 0.36

/proc/meminfo:
MemTotal:        4046652 kB
MemFree:          358960 kB
MemAvailable:    2065476 kB
Buffers:          128788 kB
Cached:          1714396 kB
SwapCached:            0 kB
Active:          2631556 kB
Inactive:         799224 kB
Active(anon):    1574808 kB
Inactive(anon):    27864 kB
Active(file):    1056748 kB
Inactive(file):   771360 kB
Unevictable:          32 kB
Mlocked:              32 kB
SwapTotal:       3126268 kB
SwapFree:        3126228 kB
Dirty:               280 kB
Writeback:             0 kB
AnonPages:       1587656 kB
Mapped:           202996 kB
Shmem:             15080 kB
Slab:             187684 kB
SReclaimable:     163060 kB
SUnreclaim:        24624 kB
KernelStack:        7104 kB
PageTables:        28820 kB
NFS_Unstable:          0 kB
Bounce:                0 kB
WritebackTmp:          0 kB
CommitLimit:     5149592 kB
Committed_AS:    4235220 kB
VmallocTotal:   34359738367 kB
VmallocUsed:           0 kB
VmallocChunk:          0 kB
HardwareCorrupted:     0 kB
AnonHugePages:   1155072 kB
CmaTotal:              0 kB
CmaFree:               0 kB
HugePages_Total:       0
HugePages_Free:        0
HugePages_Rsvd:        0
HugePages_Surp:        0
Hugepagesize:       2048 kB
DirectMap4k:      102336 kB
DirectMap2M:     4091904 kB


CPU:total 2 (2 cores per cpu, 1 threads per core) family 6 model 61 stepping 4, cmov, cx8, fxsr, mmx, sse, sse2, sse3, ssse3, sse4.1, sse4.2, popcnt, avx, aes, clmul, 3dnowpref, lzcnt, tsc, tscinvbit

/proc/cpuinfo:
processor	: 0
vendor_id	: GenuineIntel
cpu family	: 6
model		: 61
model name	: Intel(R) Core(TM) i5-5257U CPU @ 2.70GHz
stepping	: 4
cpu MHz		: 2700.000
cache size	: 3072 KB
physical id	: 0
siblings	: 2
core id		: 0
cpu cores	: 2
apicid		: 0
initial apicid	: 0
fpu		: yes
fpu_exception	: yes
cpuid level	: 20
wp		: yes
flags		: fpu vme de pse tsc msr pae mce cx8 apic sep mtrr pge mca cmov pat pse36 clflush mmx fxsr sse sse2 ht syscall nx rdtscp lm constant_tsc rep_good nopl xtopology nonstop_tsc pni pclmulqdq ssse3 cx16 sse4_1 sse4_2 movbe popcnt aes xsave avx rdrand hypervisor lahf_lm abm 3dnowprefetch rdseed
bugs		:
bogomips	: 5400.00
clflush size	: 64
cache_alignment	: 64
address sizes	: 39 bits physical, 48 bits virtual
power management:

processor	: 1
vendor_id	: GenuineIntel
cpu family	: 6
model		: 61
model name	: Intel(R) Core(TM) i5-5257U CPU @ 2.70GHz
stepping	: 4
cpu MHz		: 2700.000
cache size	: 3072 KB
physical id	: 0
siblings	: 2
core id		: 1
cpu cores	: 2
apicid		: 1
initial apicid	: 1
fpu		: yes
fpu_exception	: yes
cpuid level	: 20
wp		: yes
flags		: fpu vme de pse tsc msr pae mce cx8 apic sep mtrr pge mca cmov pat pse36 clflush mmx fxsr sse sse2 ht syscall nx rdtscp lm constant_tsc rep_good nopl xtopology nonstop_tsc pni pclmulqdq ssse3 cx16 sse4_1 sse4_2 movbe popcnt aes xsave avx rdrand hypervisor lahf_lm abm 3dnowprefetch rdseed
bugs		:
bogomips	: 5400.00
clflush size	: 64
cache_alignment	: 64
address sizes	: 39 bits physical, 48 bits virtual
power management:



Memory: 4k page, physical 4046652k(358960k free), swap 3126268k(3126228k free)

vm_info: Java HotSpot(TM) 64-Bit Server VM (25.101-b13) for linux-amd64 JRE (1.8.0_101-b13), built on Jun 22 2016 02:59:44 by "java_re" with gcc 4.3.0 20080428 (Red Hat 4.3.0-8)

time: Thu Jul 28 21:10:42 2016
elapsed time: 0 seconds (0d 0h 0m 0s)

