#
# A fatal error has been detected by the Java Runtime Environment:
#
#  SIGSEGV (0xb) at pc=0x00007f0c6bab1d53, pid=13245, tid=0x00007f0c6c621700
#
# JRE version: Java(TM) SE Runtime Environment (8.0_101-b13) (build 1.8.0_101-b13)
# Java VM: Java HotSpot(TM) 64-Bit Server VM (25.101-b13 mixed mode linux-amd64 compressed oops)
# Problematic frame:
# C  [libc.so.6+0x95d53]  strchrnul+0x23
#
# Failed to write core dump. Core dumps have been disabled. To enable core dumping, try "ulimit -c unlimited" before starting Java again
#
# If you would like to submit a bug report, please visit:
#   http://bugreport.java.com/bugreport/crash.jsp
# The crash happened outside the Java Virtual Machine in native code.
# See problematic frame for where to report the bug.
#

---------------  T H R E A D  ---------------

Current thread (0x00007f0c64009800):  JavaThread "main" [_thread_in_native, id=13248, stack(0x00007f0c6c521000,0x00007f0c6c622000)]

siginfo: si_signo: 11 (SIGSEGV), si_code: 1 (SEGV_MAPERR), si_addr: 0x0000000000000001

Registers:
RAX=0x0000000000000001, RBX=0x00007f0c6bde0620, RCX=0x00000000fbad2884, RDX=0x00007f0c6c620798
RSP=0x00007f0c6c620208, RBP=0x00007f0c6c620780, RSI=0x0000000000000025, RDI=0x0000000000000001
R8 =0x00007f0c6bde1780, R9 =0x00007f0c6c621700, R10=0x00000000000001d6, R11=0x00007f0c6ba8d1d0
R12=0x0000000000000001, R13=0x00007f0c6c620798, R14=0x0000000000000000, R15=0x00007f0c64009800
RIP=0x00007f0c6bab1d53, EFLAGS=0x0000000000010287, CSGSFS=0x0000000000000033, ERR=0x0000000000000004
  TRAPNO=0x000000000000000e

Top of Stack: (sp=0x00007f0c6c620208)
0x00007f0c6c620208:   00007f0c6ba691c8 00000000eb74d540
0x00007f0c6c620218:   00000000eb74d540 00000000eb760e78
0x00007f0c6c620228:   00000000eb74d3f0 0000000000001fa0
0x00007f0c6c620238:   0000000000000000 00007f0c64009800
0x00007f0c6c620248:   00007f0c6c620310 00007f0c640072b0
0x00007f0c6c620258:   00007f0c6c6202d0 00007f0c6c6202d0
0x00007f0c6c620268:   00007f0c6c6205f8 00007f0c6c6202d0
0x00007f0c6c620278:   00007f0c6c6205f0 00007f0c6c620310
0x00007f0c6c620288:   00007f0c64009800 00007f0c6c620400
0x00007f0c6c620298:   00007f0c6b0bd835 00007f0c00000002
0x00007f0c6c6202a8:   00007f0c64009800 00007f0c6c6204f0
0x00007f0c6c6202b8:   00007f0c6c6205f0 00007f0c55012c80
0x00007f0c6c6202c8:   00007f0c0000000b 00000000fbad2884
0x00007f0c6c6202d8:   0000001664074e00 00007f0c683b56e8
0x00007f0c6c6202e8:   00007f0c5144e846 00007f0c6c6208b0
0x00007f0c6c6202f8:   0000000000000000 00007f0c6c620900
0x00007f0c6c620308:   00007f0c6c6205f0 00007f0c64009800
0x00007f0c6c620318:   00007f0c640086f0 00007f0c6400a280
0x00007f0c6c620328:   0000003000000008 00007f0c6c620870
0x00007f0c6c620338:   00007f0c6c6207b0 00007f0c6c210380
0x00007f0c6c620348:   00007f0c6bde0620 00007f0c00000000
0x00007f0c6c620358:   0000000000000000 0000000000000000
0x00007f0c6c620368:   00007f0c64009800 00007f0c683b56e8
0x00007f0c6c620378:   00007f0c64009800 00007f0c64009800
0x00007f0c6c620388:   00007f0c64009800 00007f0c6c6203c0
0x00007f0c6c620398:   00007f0c6c48e8c0 00007f0c683b56e8
0x00007f0c6c6203a8:   00007f0c64009800 00007f0c683b56e8
0x00007f0c6c6203b8:   00007f0c64009800 00007f0c683b56e8
0x00007f0c6c6203c8:   00007f0c64009800 00007f0c6c620420
0x00007f0c6c6203d8:   00007f0c64008730 00007f0c640072b0
0x00007f0c6c6203e8:   00007f0c64009800 00007f0c6c6205f0
0x00007f0c6c6203f8:   00007f0c6c6204f0 00007f0c6c6204e0 

Instructions: (pc=0x00007f0c6bab1d53)
0x00007f0c6bab1d33:   ce 89 f8 25 ff 0f 00 00 66 0f 60 c9 3d c0 0f 00
0x00007f0c6bab1d43:   00 66 0f 61 c9 66 0f 70 c9 00 0f 8f 4d 01 00 00
0x00007f0c6bab1d53:   f3 0f 6f 07 66 0f ef db 66 0f 6f e0 66 0f 74 c1
0x00007f0c6bab1d63:   66 0f 74 e3 66 0f eb c4 66 0f d7 c0 85 c0 74 0d 

Register to memory mapping:

RAX=0x0000000000000001 is an unknown value
RBX=0x00007f0c6bde0620: _IO_2_1_stdout_+0 in /lib/x86_64-linux-gnu/libc.so.6 at 0x00007f0c6ba1c000
RCX=0x00000000fbad2884 is an unallocated location in the heap
RDX=0x00007f0c6c620798 is pointing into the stack for thread: 0x00007f0c64009800
RSP=0x00007f0c6c620208 is pointing into the stack for thread: 0x00007f0c64009800
RBP=0x00007f0c6c620780 is pointing into the stack for thread: 0x00007f0c64009800
RSI=0x0000000000000025 is an unknown value
RDI=0x0000000000000001 is an unknown value
R8 =0x00007f0c6bde1780: <offset 0x3c5780> in /lib/x86_64-linux-gnu/libc.so.6 at 0x00007f0c6ba1c000
R9 =0x00007f0c6c621700 is pointing into the stack for thread: 0x00007f0c64009800
R10=0x00000000000001d6 is an unknown value
R11=0x00007f0c6ba8d1d0: putchar+0 in /lib/x86_64-linux-gnu/libc.so.6 at 0x00007f0c6ba1c000
R12=0x0000000000000001 is an unknown value
R13=0x00007f0c6c620798 is pointing into the stack for thread: 0x00007f0c64009800
R14=0x0000000000000000 is an unknown value
R15=0x00007f0c64009800 is a thread


Stack: [0x00007f0c6c521000,0x00007f0c6c622000],  sp=0x00007f0c6c620208,  free space=1020k
Native frames: (J=compiled Java code, j=interpreted, Vv=VM code, C=native code)
C  [libc.so.6+0x95d53]  strchrnul+0x23
C  [libc.so.6+0x55849]  _IO_printf+0x99
j  packetmaker.RawPacketSender.sendPacket([C)V+0
j  packetmaker.Main.main([Ljava/lang/String;)V+22
v  ~StubRoutines::call_stub
V  [libjvm.so+0x68f6b6]  JavaCalls::call_helper(JavaValue*, methodHandle*, JavaCallArguments*, Thread*)+0x1056
V  [libjvm.so+0x6d0d42]  jni_invoke_static(JNIEnv_*, JavaValue*, _jobject*, JNICallType, _jmethodID*, JNI_ArgumentPusher*, Thread*)+0x362
V  [libjvm.so+0x6ed5aa]  jni_CallStaticVoidMethod+0x17a
C  [libjli.so+0x7bdf]  JavaMain+0x81f
C  [libpthread.so.0+0x76fa]  start_thread+0xca

Java frames: (J=compiled Java code, j=interpreted, Vv=VM code)
j  packetmaker.RawPacketSender.sendPacket([C)V+0
j  packetmaker.Main.main([Ljava/lang/String;)V+22
v  ~StubRoutines::call_stub

---------------  P R O C E S S  ---------------

Java Threads: ( => current thread )
  0x00007f0c640ba000 JavaThread "Service Thread" daemon [_thread_blocked, id=13258, stack(0x00007f0c51751000,0x00007f0c51852000)]
  0x00007f0c640b7800 JavaThread "C1 CompilerThread1" daemon [_thread_in_native, id=13257, stack(0x00007f0c51852000,0x00007f0c51953000)]
  0x00007f0c640b4800 JavaThread "C2 CompilerThread0" daemon [_thread_blocked, id=13256, stack(0x00007f0c51953000,0x00007f0c51a54000)]
  0x00007f0c640b3000 JavaThread "Signal Dispatcher" daemon [_thread_blocked, id=13255, stack(0x00007f0c51a54000,0x00007f0c51b55000)]
  0x00007f0c6407f800 JavaThread "Finalizer" daemon [_thread_blocked, id=13254, stack(0x00007f0c52514000,0x00007f0c52615000)]
  0x00007f0c6407b000 JavaThread "Reference Handler" daemon [_thread_blocked, id=13253, stack(0x00007f0c52615000,0x00007f0c52716000)]
=>0x00007f0c64009800 JavaThread "main" [_thread_in_native, id=13248, stack(0x00007f0c6c521000,0x00007f0c6c622000)]

Other Threads:
  0x00007f0c64073800 VMThread [stack: 0x00007f0c52716000,0x00007f0c52817000] [id=13252]
  0x00007f0c640bd000 WatcherThread [stack: 0x00007f0c51650000,0x00007f0c51751000] [id=13259]

VM state:not at safepoint (normal execution)

VM Mutex/Monitor currently owned by a thread: None

Heap:
 PSYoungGen      total 18432K, used 635K [0x00000000eb700000, 0x00000000ecb80000, 0x0000000100000000)
  eden space 15872K, 4% used [0x00000000eb700000,0x00000000eb79ec00,0x00000000ec680000)
  from space 2560K, 0% used [0x00000000ec900000,0x00000000ec900000,0x00000000ecb80000)
  to   space 2560K, 0% used [0x00000000ec680000,0x00000000ec680000,0x00000000ec900000)
 ParOldGen       total 42496K, used 0K [0x00000000c2400000, 0x00000000c4d80000, 0x00000000eb700000)
  object space 42496K, 0% used [0x00000000c2400000,0x00000000c2400000,0x00000000c4d80000)
 Metaspace       used 2483K, capacity 4486K, committed 4864K, reserved 1056768K
  class space    used 267K, capacity 386K, committed 512K, reserved 1048576K

Card table byte_map: [0x00007f0c690d8000,0x00007f0c692c7000] byte_map_base: 0x00007f0c68ac6000

Marking Bits: (ParMarkBitMap*) 0x00007f0c6b9ef120
 Begin Bits: [0x00007f0c53120000, 0x00007f0c54090000)
 End Bits:   [0x00007f0c54090000, 0x00007f0c55000000)

Polling page: 0x00007f0c6c63e000

CodeCache: size=245760Kb used=1074Kb max_used=1074Kb free=244685Kb
 bounds [0x00007f0c55000000, 0x00007f0c55270000, 0x00007f0c64000000]
 total_blobs=240 nmethods=12 adapters=143
 compilation: enabled

Compilation events (10 events):
Event: 0.201 Thread 0x00007f0c640b7800    6       3       java.lang.Object::<init> (1 bytes)
Event: 0.201 Thread 0x00007f0c640b7800 nmethod 6 0x00007f0c5510afd0 code [0x00007f0c5510b140, 0x00007f0c5510b290]
Event: 0.201 Thread 0x00007f0c640b7800   10       3       java.lang.Math::min (11 bytes)
Event: 0.201 Thread 0x00007f0c640b7800 nmethod 10 0x00007f0c5510b310 code [0x00007f0c5510b480, 0x00007f0c5510b610]
Event: 0.201 Thread 0x00007f0c640b7800    8       3       java.lang.AbstractStringBuilder::ensureCapacityInternal (16 bytes)
Event: 0.202 Thread 0x00007f0c640b7800 nmethod 8 0x00007f0c5510b690 code [0x00007f0c5510b800, 0x00007f0c5510ba48]
Event: 0.202 Thread 0x00007f0c640b7800    9       1       java.lang.ref.Reference::get (5 bytes)
Event: 0.202 Thread 0x00007f0c640b7800 nmethod 9 0x00007f0c5510bb10 code [0x00007f0c5510bc60, 0x00007f0c5510bd70]
Event: 0.202 Thread 0x00007f0c640b7800   11       1       java.lang.ThreadLocal::access$400 (5 bytes)
Event: 0.202 Thread 0x00007f0c640b7800 nmethod 11 0x00007f0c5510bdd0 code [0x00007f0c5510bf20, 0x00007f0c5510c010]

GC Heap History (0 events):
No events

Deoptimization events (0 events):
No events

Internal exceptions (2 events):
Event: 0.080 Thread 0x00007f0c64009800 Exception <a 'java/lang/NoSuchMethodError': Method sun.misc.Unsafe.defineClass(Ljava/lang/String;[BII)Ljava/lang/Class; name or signature does not match> (0x00000000eb707cc0) thrown at [/HUDSON3/workspace/8-2-build-linux-amd64/jdk8u101/7261/hotspot/src/sh
Event: 0.080 Thread 0x00007f0c64009800 Exception <a 'java/lang/NoSuchMethodError': Method sun.misc.Unsafe.prefetchRead(Ljava/lang/Object;J)V name or signature does not match> (0x00000000eb707fa8) thrown at [/HUDSON3/workspace/8-2-build-linux-amd64/jdk8u101/7261/hotspot/src/share/vm/prims/jni.c

Events (10 events):
Event: 0.205 loading class java/security/BasicPermissionCollection
Event: 0.205 loading class java/security/BasicPermissionCollection done
Event: 0.205 loading class sun/launcher/LauncherHelper$FXHelper
Event: 0.206 loading class sun/launcher/LauncherHelper$FXHelper done
Event: 0.206 loading class java/lang/Class$MethodArray
Event: 0.206 loading class java/lang/Class$MethodArray done
Event: 0.206 loading class java/lang/Void
Event: 0.206 loading class java/lang/Void done
Event: 0.208 loading class packetmaker/RawPacketSender
Event: 0.208 loading class packetmaker/RawPacketSender done


Dynamic libraries:
00400000-00401000 r-xp 00000000 08:01 41869                              /usr/local/java/jdk1.8.0_101/bin/java
00600000-00601000 rw-p 00000000 08:01 41869                              /usr/local/java/jdk1.8.0_101/bin/java
025dd000-025fe000 rw-p 00000000 00:00 0                                  [heap]
c2400000-c4d80000 rw-p 00000000 00:00 0 
c4d80000-eb700000 ---p 00000000 00:00 0 
eb700000-ecb80000 rw-p 00000000 00:00 0 
ecb80000-100000000 ---p 00000000 00:00 0 
100000000-100080000 rw-p 00000000 00:00 0 
100080000-140000000 ---p 00000000 00:00 0 
7f0c24000000-7f0c24021000 rw-p 00000000 00:00 0 
7f0c24021000-7f0c28000000 ---p 00000000 00:00 0 
7f0c2c000000-7f0c2c021000 rw-p 00000000 00:00 0 
7f0c2c021000-7f0c30000000 ---p 00000000 00:00 0 
7f0c30000000-7f0c30021000 rw-p 00000000 00:00 0 
7f0c30021000-7f0c34000000 ---p 00000000 00:00 0 
7f0c34000000-7f0c34021000 rw-p 00000000 00:00 0 
7f0c34021000-7f0c38000000 ---p 00000000 00:00 0 
7f0c38000000-7f0c3804e000 rw-p 00000000 00:00 0 
7f0c3804e000-7f0c3c000000 ---p 00000000 00:00 0 
7f0c3c000000-7f0c3c021000 rw-p 00000000 00:00 0 
7f0c3c021000-7f0c40000000 ---p 00000000 00:00 0 
7f0c40000000-7f0c40021000 rw-p 00000000 00:00 0 
7f0c40021000-7f0c44000000 ---p 00000000 00:00 0 
7f0c44000000-7f0c44021000 rw-p 00000000 00:00 0 
7f0c44021000-7f0c48000000 ---p 00000000 00:00 0 
7f0c48000000-7f0c48021000 rw-p 00000000 00:00 0 
7f0c48021000-7f0c4c000000 ---p 00000000 00:00 0 
7f0c4c000000-7f0c4c021000 rw-p 00000000 00:00 0 
7f0c4c021000-7f0c50000000 ---p 00000000 00:00 0 
7f0c511c7000-7f0c5144e000 rw-p 00000000 00:00 0 
7f0c5144e000-7f0c5144f000 r-xp 00000000 08:01 191231                     /home/zak/NetBeansProjects/RawPacketOutputterJNI/dist/libRawPacketOutputterJNI.so
7f0c5144f000-7f0c5164e000 ---p 00001000 08:01 191231                     /home/zak/NetBeansProjects/RawPacketOutputterJNI/dist/libRawPacketOutputterJNI.so
7f0c5164e000-7f0c5164f000 r--p 00000000 08:01 191231                     /home/zak/NetBeansProjects/RawPacketOutputterJNI/dist/libRawPacketOutputterJNI.so
7f0c5164f000-7f0c51650000 rw-p 00001000 08:01 191231                     /home/zak/NetBeansProjects/RawPacketOutputterJNI/dist/libRawPacketOutputterJNI.so
7f0c51650000-7f0c51651000 ---p 00000000 00:00 0 
7f0c51651000-7f0c51751000 rw-p 00000000 00:00 0 
7f0c51751000-7f0c51754000 ---p 00000000 00:00 0 
7f0c51754000-7f0c51852000 rw-p 00000000 00:00 0 
7f0c51852000-7f0c51855000 ---p 00000000 00:00 0 
7f0c51855000-7f0c51953000 rw-p 00000000 00:00 0 
7f0c51953000-7f0c51956000 ---p 00000000 00:00 0 
7f0c51956000-7f0c51a54000 rw-p 00000000 00:00 0 
7f0c51a54000-7f0c51a57000 ---p 00000000 00:00 0 
7f0c51a57000-7f0c51b55000 rw-p 00000000 00:00 0 
7f0c51b55000-7f0c52514000 r--p 00000000 08:01 9153                       /usr/lib/locale/locale-archive
7f0c52514000-7f0c52517000 ---p 00000000 00:00 0 
7f0c52517000-7f0c52615000 rw-p 00000000 00:00 0 
7f0c52615000-7f0c52618000 ---p 00000000 00:00 0 
7f0c52618000-7f0c52716000 rw-p 00000000 00:00 0 
7f0c52716000-7f0c52717000 ---p 00000000 00:00 0 
7f0c52717000-7f0c55000000 rw-p 00000000 00:00 0 
7f0c55000000-7f0c55270000 rwxp 00000000 00:00 0 
7f0c55270000-7f0c64000000 ---p 00000000 00:00 0 
7f0c64000000-7f0c640ea000 rw-p 00000000 00:00 0 
7f0c640ea000-7f0c68000000 ---p 00000000 00:00 0 
7f0c680df000-7f0c6814f000 rw-p 00000000 00:00 0 
7f0c6814f000-7f0c68328000 r--s 03d29000 08:01 41945                      /usr/local/java/jdk1.8.0_101/jre/lib/rt.jar
7f0c68328000-7f0c687de000 rw-p 00000000 00:00 0 
7f0c687de000-7f0c68b9e000 ---p 00000000 00:00 0 
7f0c68b9e000-7f0c68d8c000 rw-p 00000000 00:00 0 
7f0c68d8c000-7f0c68d8d000 ---p 00000000 00:00 0 
7f0c68d8d000-7f0c68e8d000 rw-p 00000000 00:00 0 
7f0c68e8d000-7f0c68e8e000 ---p 00000000 00:00 0 
7f0c68e8e000-7f0c68fa3000 rw-p 00000000 00:00 0 
7f0c68fa3000-7f0c690d8000 ---p 00000000 00:00 0 
7f0c690d8000-7f0c690ed000 rw-p 00000000 00:00 0 
7f0c690ed000-7f0c69221000 ---p 00000000 00:00 0 
7f0c69221000-7f0c6922c000 rw-p 00000000 00:00 0 
7f0c6922c000-7f0c692c6000 ---p 00000000 00:00 0 
7f0c692c6000-7f0c692d1000 rw-p 00000000 00:00 0 
7f0c692d1000-7f0c69687000 ---p 00000000 00:00 0 
7f0c69687000-7f0c696a1000 r-xp 00000000 08:01 41974                      /usr/local/java/jdk1.8.0_101/jre/lib/amd64/libzip.so
7f0c696a1000-7f0c698a1000 ---p 0001a000 08:01 41974                      /usr/local/java/jdk1.8.0_101/jre/lib/amd64/libzip.so
7f0c698a1000-7f0c698a2000 rw-p 0001a000 08:01 41974                      /usr/local/java/jdk1.8.0_101/jre/lib/amd64/libzip.so
7f0c698a2000-7f0c698ad000 r-xp 00000000 08:01 268304                     /lib/x86_64-linux-gnu/libnss_files-2.23.so
7f0c698ad000-7f0c69aac000 ---p 0000b000 08:01 268304                     /lib/x86_64-linux-gnu/libnss_files-2.23.so
7f0c69aac000-7f0c69aad000 r--p 0000a000 08:01 268304                     /lib/x86_64-linux-gnu/libnss_files-2.23.so
7f0c69aad000-7f0c69aae000 rw-p 0000b000 08:01 268304                     /lib/x86_64-linux-gnu/libnss_files-2.23.so
7f0c69aae000-7f0c69ab4000 rw-p 00000000 00:00 0 
7f0c69ab4000-7f0c69abf000 r-xp 00000000 08:01 268314                     /lib/x86_64-linux-gnu/libnss_nis-2.23.so
7f0c69abf000-7f0c69cbe000 ---p 0000b000 08:01 268314                     /lib/x86_64-linux-gnu/libnss_nis-2.23.so
7f0c69cbe000-7f0c69cbf000 r--p 0000a000 08:01 268314                     /lib/x86_64-linux-gnu/libnss_nis-2.23.so
7f0c69cbf000-7f0c69cc0000 rw-p 0000b000 08:01 268314                     /lib/x86_64-linux-gnu/libnss_nis-2.23.so
7f0c69cc0000-7f0c69cd6000 r-xp 00000000 08:01 268298                     /lib/x86_64-linux-gnu/libnsl-2.23.so
7f0c69cd6000-7f0c69ed5000 ---p 00016000 08:01 268298                     /lib/x86_64-linux-gnu/libnsl-2.23.so
7f0c69ed5000-7f0c69ed6000 r--p 00015000 08:01 268298                     /lib/x86_64-linux-gnu/libnsl-2.23.so
7f0c69ed6000-7f0c69ed7000 rw-p 00016000 08:01 268298                     /lib/x86_64-linux-gnu/libnsl-2.23.so
7f0c69ed7000-7f0c69ed9000 rw-p 00000000 00:00 0 
7f0c69ed9000-7f0c69ee1000 r-xp 00000000 08:01 268300                     /lib/x86_64-linux-gnu/libnss_compat-2.23.so
7f0c69ee1000-7f0c6a0e0000 ---p 00008000 08:01 268300                     /lib/x86_64-linux-gnu/libnss_compat-2.23.so
7f0c6a0e0000-7f0c6a0e1000 r--p 00007000 08:01 268300                     /lib/x86_64-linux-gnu/libnss_compat-2.23.so
7f0c6a0e1000-7f0c6a0e2000 rw-p 00008000 08:01 268300                     /lib/x86_64-linux-gnu/libnss_compat-2.23.so
7f0c6a0e2000-7f0c6a10c000 r-xp 00000000 08:01 42000                      /usr/local/java/jdk1.8.0_101/jre/lib/amd64/libjava.so
7f0c6a10c000-7f0c6a30c000 ---p 0002a000 08:01 42000                      /usr/local/java/jdk1.8.0_101/jre/lib/amd64/libjava.so
7f0c6a30c000-7f0c6a30e000 rw-p 0002a000 08:01 42000                      /usr/local/java/jdk1.8.0_101/jre/lib/amd64/libjava.so
7f0c6a30e000-7f0c6a31b000 r-xp 00000000 08:01 41954                      /usr/local/java/jdk1.8.0_101/jre/lib/amd64/libverify.so
7f0c6a31b000-7f0c6a51b000 ---p 0000d000 08:01 41954                      /usr/local/java/jdk1.8.0_101/jre/lib/amd64/libverify.so
7f0c6a51b000-7f0c6a51d000 rw-p 0000d000 08:01 41954                      /usr/local/java/jdk1.8.0_101/jre/lib/amd64/libverify.so
7f0c6a51d000-7f0c6a524000 r-xp 00000000 08:01 268359                     /lib/x86_64-linux-gnu/librt-2.23.so
7f0c6a524000-7f0c6a723000 ---p 00007000 08:01 268359                     /lib/x86_64-linux-gnu/librt-2.23.so
7f0c6a723000-7f0c6a724000 r--p 00006000 08:01 268359                     /lib/x86_64-linux-gnu/librt-2.23.so
7f0c6a724000-7f0c6a725000 rw-p 00007000 08:01 268359                     /lib/x86_64-linux-gnu/librt-2.23.so
7f0c6a725000-7f0c6a82d000 r-xp 00000000 08:01 268275                     /lib/x86_64-linux-gnu/libm-2.23.so
7f0c6a82d000-7f0c6aa2c000 ---p 00108000 08:01 268275                     /lib/x86_64-linux-gnu/libm-2.23.so
7f0c6aa2c000-7f0c6aa2d000 r--p 00107000 08:01 268275                     /lib/x86_64-linux-gnu/libm-2.23.so
7f0c6aa2d000-7f0c6aa2e000 rw-p 00108000 08:01 268275                     /lib/x86_64-linux-gnu/libm-2.23.so
7f0c6aa2e000-7f0c6b6f9000 r-xp 00000000 08:01 42004                      /usr/local/java/jdk1.8.0_101/jre/lib/amd64/server/libjvm.so
7f0c6b6f9000-7f0c6b8f8000 ---p 00ccb000 08:01 42004                      /usr/local/java/jdk1.8.0_101/jre/lib/amd64/server/libjvm.so
7f0c6b8f8000-7f0c6b9d1000 rw-p 00cca000 08:01 42004                      /usr/local/java/jdk1.8.0_101/jre/lib/amd64/server/libjvm.so
7f0c6b9d1000-7f0c6ba1c000 rw-p 00000000 00:00 0 
7f0c6ba1c000-7f0c6bbdc000 r-xp 00000000 08:01 268205                     /lib/x86_64-linux-gnu/libc-2.23.so
7f0c6bbdc000-7f0c6bddb000 ---p 001c0000 08:01 268205                     /lib/x86_64-linux-gnu/libc-2.23.so
7f0c6bddb000-7f0c6bddf000 r--p 001bf000 08:01 268205                     /lib/x86_64-linux-gnu/libc-2.23.so
7f0c6bddf000-7f0c6bde1000 rw-p 001c3000 08:01 268205                     /lib/x86_64-linux-gnu/libc-2.23.so
7f0c6bde1000-7f0c6bde5000 rw-p 00000000 00:00 0 
7f0c6bde5000-7f0c6bde8000 r-xp 00000000 08:01 268229                     /lib/x86_64-linux-gnu/libdl-2.23.so
7f0c6bde8000-7f0c6bfe7000 ---p 00003000 08:01 268229                     /lib/x86_64-linux-gnu/libdl-2.23.so
7f0c6bfe7000-7f0c6bfe8000 r--p 00002000 08:01 268229                     /lib/x86_64-linux-gnu/libdl-2.23.so
7f0c6bfe8000-7f0c6bfe9000 rw-p 00003000 08:01 268229                     /lib/x86_64-linux-gnu/libdl-2.23.so
7f0c6bfe9000-7f0c6bffe000 r-xp 00000000 08:01 40302                      /usr/local/java/jdk1.8.0_101/lib/amd64/jli/libjli.so
7f0c6bffe000-7f0c6c1fe000 ---p 00015000 08:01 40302                      /usr/local/java/jdk1.8.0_101/lib/amd64/jli/libjli.so
7f0c6c1fe000-7f0c6c1ff000 rw-p 00015000 08:01 40302                      /usr/local/java/jdk1.8.0_101/lib/amd64/jli/libjli.so
7f0c6c1ff000-7f0c6c217000 r-xp 00000000 08:01 268351                     /lib/x86_64-linux-gnu/libpthread-2.23.so
7f0c6c217000-7f0c6c416000 ---p 00018000 08:01 268351                     /lib/x86_64-linux-gnu/libpthread-2.23.so
7f0c6c416000-7f0c6c417000 r--p 00017000 08:01 268351                     /lib/x86_64-linux-gnu/libpthread-2.23.so
7f0c6c417000-7f0c6c418000 rw-p 00018000 08:01 268351                     /lib/x86_64-linux-gnu/libpthread-2.23.so
7f0c6c418000-7f0c6c41c000 rw-p 00000000 00:00 0 
7f0c6c41c000-7f0c6c442000 r-xp 00000000 08:01 268177                     /lib/x86_64-linux-gnu/ld-2.23.so
7f0c6c448000-7f0c6c521000 rw-p 00000000 00:00 0 
7f0c6c521000-7f0c6c524000 ---p 00000000 00:00 0 
7f0c6c524000-7f0c6c626000 rw-p 00000000 00:00 0 
7f0c6c635000-7f0c6c63d000 rw-s 00000000 08:01 432154                     /tmp/hsperfdata_root/13245
7f0c6c63d000-7f0c6c63e000 rw-p 00000000 00:00 0 
7f0c6c63e000-7f0c6c63f000 r--p 00000000 00:00 0 
7f0c6c63f000-7f0c6c641000 rw-p 00000000 00:00 0 
7f0c6c641000-7f0c6c642000 r--p 00025000 08:01 268177                     /lib/x86_64-linux-gnu/ld-2.23.so
7f0c6c642000-7f0c6c643000 rw-p 00026000 08:01 268177                     /lib/x86_64-linux-gnu/ld-2.23.so
7f0c6c643000-7f0c6c644000 rw-p 00000000 00:00 0 
7ffdaf74c000-7ffdaf76d000 rw-p 00000000 00:00 0                          [stack]
7ffdaf7bb000-7ffdaf7bd000 r--p 00000000 00:00 0                          [vvar]
7ffdaf7bd000-7ffdaf7bf000 r-xp 00000000 00:00 0                          [vdso]
ffffffffff600000-ffffffffff601000 r-xp 00000000 00:00 0                  [vsyscall]

VM Arguments:
jvm_args: -Dfile.encoding=UTF-8 
java_command: packetmaker.Main
java_class_path (initial): /home/zak/NetBeansProjects/PacketMaker/build/classes
Launcher Type: SUN_STANDARD

Environment Variables:
PATH=/usr/local/sbin:/usr/local/bin:/usr/sbin:/usr/bin:/sbin:/bin
USERNAME=root
LD_LIBRARY_PATH=/usr/local/java/jdk1.8.0_101/jre/lib/amd64:/usr/local/java/jdk1.8.0_101/jre/lib/i386:
SHELL=/bin/bash
DISPLAY=:0

Signal Handlers:
SIGSEGV: [libjvm.so+0xac4790], sa_mask[0]=11111111011111111101111111111110, sa_flags=SA_RESTART|SA_SIGINFO
SIGBUS: [libjvm.so+0xac4790], sa_mask[0]=11111111011111111101111111111110, sa_flags=SA_RESTART|SA_SIGINFO
SIGFPE: [libjvm.so+0x91f140], sa_mask[0]=11111111011111111101111111111110, sa_flags=SA_RESTART|SA_SIGINFO
SIGPIPE: [libjvm.so+0x91f140], sa_mask[0]=11111111011111111101111111111110, sa_flags=SA_RESTART|SA_SIGINFO
SIGXFSZ: [libjvm.so+0x91f140], sa_mask[0]=11111111011111111101111111111110, sa_flags=SA_RESTART|SA_SIGINFO
SIGILL: [libjvm.so+0x91f140], sa_mask[0]=11111111011111111101111111111110, sa_flags=SA_RESTART|SA_SIGINFO
SIGUSR1: SIG_DFL, sa_mask[0]=00000000000000000000000000000000, sa_flags=none
SIGUSR2: [libjvm.so+0x920770], sa_mask[0]=00100000000000000000000000000000, sa_flags=SA_RESTART|SA_SIGINFO
SIGHUP: [libjvm.so+0x921b70], sa_mask[0]=11111111011111111101111111111110, sa_flags=SA_RESTART|SA_SIGINFO
SIGINT: SIG_IGN, sa_mask[0]=00000000000000000000000000000000, sa_flags=none
SIGTERM: [libjvm.so+0x921b70], sa_mask[0]=11111111011111111101111111111110, sa_flags=SA_RESTART|SA_SIGINFO
SIGQUIT: [libjvm.so+0x921b70], sa_mask[0]=11111111011111111101111111111110, sa_flags=SA_RESTART|SA_SIGINFO


---------------  S Y S T E M  ---------------

OS:DISTRIB_ID=Ubuntu
DISTRIB_RELEASE=16.04
DISTRIB_CODENAME=xenial
DISTRIB_DESCRIPTION="Ubuntu 16.04.1 LTS"

uname:Linux 4.4.0-31-generic #50-Ubuntu SMP Wed Jul 13 00:07:12 UTC 2016 x86_64
libc:glibc 2.23 NPTL 2.23 
rlimit: STACK 8192k, CORE 0k, NPROC 15656, NOFILE 65536, AS infinity
load average:0.69 0.37 0.39

/proc/meminfo:
MemTotal:        4046652 kB
MemFree:          373716 kB
MemAvailable:    2079832 kB
Buffers:          128420 kB
Cached:          1714376 kB
SwapCached:            0 kB
Active:          2617360 kB
Inactive:         799212 kB
Active(anon):    1560992 kB
Inactive(anon):    27864 kB
Active(file):    1056368 kB
Inactive(file):   771348 kB
Unevictable:          32 kB
Mlocked:              32 kB
SwapTotal:       3126268 kB
SwapFree:        3126228 kB
Dirty:               292 kB
Writeback:             0 kB
AnonPages:       1573756 kB
Mapped:           202992 kB
Shmem:             15080 kB
Slab:             187672 kB
SReclaimable:     163048 kB
SUnreclaim:        24624 kB
KernelStack:        7184 kB
PageTables:        28668 kB
NFS_Unstable:          0 kB
Bounce:                0 kB
WritebackTmp:          0 kB
CommitLimit:     5149592 kB
Committed_AS:    4231752 kB
VmallocTotal:   34359738367 kB
VmallocUsed:           0 kB
VmallocChunk:          0 kB
HardwareCorrupted:     0 kB
AnonHugePages:   1155072 kB
CmaTotal:              0 kB
CmaFree:               0 kB
HugePages_Total:       0
HugePages_Free:        0
HugePages_Rsvd:        0
HugePages_Surp:        0
Hugepagesize:       2048 kB
DirectMap4k:      102336 kB
DirectMap2M:     4091904 kB


CPU:total 2 (2 cores per cpu, 1 threads per core) family 6 model 61 stepping 4, cmov, cx8, fxsr, mmx, sse, sse2, sse3, ssse3, sse4.1, sse4.2, popcnt, avx, aes, clmul, 3dnowpref, lzcnt, tsc, tscinvbit

/proc/cpuinfo:
processor	: 0
vendor_id	: GenuineIntel
cpu family	: 6
model		: 61
model name	: Intel(R) Core(TM) i5-5257U CPU @ 2.70GHz
stepping	: 4
cpu MHz		: 2700.000
cache size	: 3072 KB
physical id	: 0
siblings	: 2
core id		: 0
cpu cores	: 2
apicid		: 0
initial apicid	: 0
fpu		: yes
fpu_exception	: yes
cpuid level	: 20
wp		: yes
flags		: fpu vme de pse tsc msr pae mce cx8 apic sep mtrr pge mca cmov pat pse36 clflush mmx fxsr sse sse2 ht syscall nx rdtscp lm constant_tsc rep_good nopl xtopology nonstop_tsc pni pclmulqdq ssse3 cx16 sse4_1 sse4_2 movbe popcnt aes xsave avx rdrand hypervisor lahf_lm abm 3dnowprefetch rdseed
bugs		:
bogomips	: 5400.00
clflush size	: 64
cache_alignment	: 64
address sizes	: 39 bits physical, 48 bits virtual
power management:

processor	: 1
vendor_id	: GenuineIntel
cpu family	: 6
model		: 61
model name	: Intel(R) Core(TM) i5-5257U CPU @ 2.70GHz
stepping	: 4
cpu MHz		: 2700.000
cache size	: 3072 KB
physical id	: 0
siblings	: 2
core id		: 1
cpu cores	: 2
apicid		: 1
initial apicid	: 1
fpu		: yes
fpu_exception	: yes
cpuid level	: 20
wp		: yes
flags		: fpu vme de pse tsc msr pae mce cx8 apic sep mtrr pge mca cmov pat pse36 clflush mmx fxsr sse sse2 ht syscall nx rdtscp lm constant_tsc rep_good nopl xtopology nonstop_tsc pni pclmulqdq ssse3 cx16 sse4_1 sse4_2 movbe popcnt aes xsave avx rdrand hypervisor lahf_lm abm 3dnowprefetch rdseed
bugs		:
bogomips	: 5400.00
clflush size	: 64
cache_alignment	: 64
address sizes	: 39 bits physical, 48 bits virtual
power management:



Memory: 4k page, physical 4046652k(373588k free), swap 3126268k(3126228k free)

vm_info: Java HotSpot(TM) 64-Bit Server VM (25.101-b13) for linux-amd64 JRE (1.8.0_101-b13), built on Jun 22 2016 02:59:44 by "java_re" with gcc 4.3.0 20080428 (Red Hat 4.3.0-8)

time: Thu Jul 28 21:09:18 2016
elapsed time: 0 seconds (0d 0h 0m 0s)

