#
# A fatal error has been detected by the Java Runtime Environment:
#
#  SIGSEGV (0xb) at pc=0x00007f70e6821d53, pid=13181, tid=0x00007f70e7391700
#
# JRE version: Java(TM) SE Runtime Environment (8.0_101-b13) (build 1.8.0_101-b13)
# Java VM: Java HotSpot(TM) 64-Bit Server VM (25.101-b13 mixed mode linux-amd64 compressed oops)
# Problematic frame:
# C  [libc.so.6+0x95d53]  strchrnul+0x23
#
# Failed to write core dump. Core dumps have been disabled. To enable core dumping, try "ulimit -c unlimited" before starting Java again
#
# If you would like to submit a bug report, please visit:
#   http://bugreport.java.com/bugreport/crash.jsp
# The crash happened outside the Java Virtual Machine in native code.
# See problematic frame for where to report the bug.
#

---------------  T H R E A D  ---------------

Current thread (0x00007f70e0009800):  JavaThread "main" [_thread_in_native, id=13185, stack(0x00007f70e7291000,0x00007f70e7392000)]

siginfo: si_signo: 11 (SIGSEGV), si_code: 1 (SEGV_MAPERR), si_addr: 0x0000000000000001

Registers:
RAX=0x0000000000000001, RBX=0x00007f70e6b50620, RCX=0x00000000fbad2884, RDX=0x00007f70e7390798
RSP=0x00007f70e7390208, RBP=0x00007f70e7390780, RSI=0x0000000000000025, RDI=0x0000000000000001
R8 =0x00007f70e6b51780, R9 =0x00007f70e7391700, R10=0x00000000000001d6, R11=0x00007f70e67fd1d0
R12=0x0000000000000001, R13=0x00007f70e7390798, R14=0x0000000000000000, R15=0x00007f70e0009800
RIP=0x00007f70e6821d53, EFLAGS=0x0000000000010287, CSGSFS=0x0000000000000033, ERR=0x0000000000000004
  TRAPNO=0x000000000000000e

Top of Stack: (sp=0x00007f70e7390208)
0x00007f70e7390208:   00007f70e67d91c8 00000000eb74d540
0x00007f70e7390218:   00000000eb74d540 00000000eb760e78
0x00007f70e7390228:   00000000eb74d3f0 0000000000001fa0
0x00007f70e7390238:   0000000000000000 00007f70e0009800
0x00007f70e7390248:   00007f70e7390310 00007f70e00072b0
0x00007f70e7390258:   00007f70e73902d0 00007f70e73902d0
0x00007f70e7390268:   00007f70e73905f8 00007f70e73902d0
0x00007f70e7390278:   00007f70e73905f0 00007f70e7390310
0x00007f70e7390288:   00007f70e0009800 00007f70e7390400
0x00007f70e7390298:   00007f70e5e2d835 00007f7000000002
0x00007f70e73902a8:   00007f70e0009800 00007f70e73904f0
0x00007f70e73902b8:   00007f70e73905f0 00007f70d1012c80
0x00007f70e73902c8:   00007f700000000b 00000000fbad2884
0x00007f70e73902d8:   00000016e0074e00 00007f70ce20e6e8
0x00007f70e73902e8:   00007f70cc287846 00007f70e73908b0
0x00007f70e73902f8:   0000000000000000 00007f70e7390900
0x00007f70e7390308:   00007f70e73905f0 00007f70e0009800
0x00007f70e7390318:   00007f70e00086f0 00007f70e000a280
0x00007f70e7390328:   0000003000000008 00007f70e7390870
0x00007f70e7390338:   00007f70e73907b0 00007f70e6f80380
0x00007f70e7390348:   00007f70e6b50620 00007f7000000000
0x00007f70e7390358:   0000000000000000 0000000000000000
0x00007f70e7390368:   00007f70e0009800 00007f70ce20e6e8
0x00007f70e7390378:   00007f70e0009800 00007f70e0009800
0x00007f70e7390388:   00007f70e0009800 00007f70e73903c0
0x00007f70e7390398:   00007f70e71fe8c0 00007f70ce20e6e8
0x00007f70e73903a8:   00007f70e0009800 00007f70ce20e6e8
0x00007f70e73903b8:   00007f70e0009800 00007f70ce20e6e8
0x00007f70e73903c8:   00007f70e0009800 00007f70e7390420
0x00007f70e73903d8:   00007f70e0008730 00007f70e00072b0
0x00007f70e73903e8:   00007f70e0009800 00007f70e73905f0
0x00007f70e73903f8:   00007f70e73904f0 00007f70e73904e0 

Instructions: (pc=0x00007f70e6821d53)
0x00007f70e6821d33:   ce 89 f8 25 ff 0f 00 00 66 0f 60 c9 3d c0 0f 00
0x00007f70e6821d43:   00 66 0f 61 c9 66 0f 70 c9 00 0f 8f 4d 01 00 00
0x00007f70e6821d53:   f3 0f 6f 07 66 0f ef db 66 0f 6f e0 66 0f 74 c1
0x00007f70e6821d63:   66 0f 74 e3 66 0f eb c4 66 0f d7 c0 85 c0 74 0d 

Register to memory mapping:

RAX=0x0000000000000001 is an unknown value
RBX=0x00007f70e6b50620: _IO_2_1_stdout_+0 in /lib/x86_64-linux-gnu/libc.so.6 at 0x00007f70e678c000
RCX=0x00000000fbad2884 is an unallocated location in the heap
RDX=0x00007f70e7390798 is pointing into the stack for thread: 0x00007f70e0009800
RSP=0x00007f70e7390208 is pointing into the stack for thread: 0x00007f70e0009800
RBP=0x00007f70e7390780 is pointing into the stack for thread: 0x00007f70e0009800
RSI=0x0000000000000025 is an unknown value
RDI=0x0000000000000001 is an unknown value
R8 =0x00007f70e6b51780: <offset 0x3c5780> in /lib/x86_64-linux-gnu/libc.so.6 at 0x00007f70e678c000
R9 =0x00007f70e7391700 is pointing into the stack for thread: 0x00007f70e0009800
R10=0x00000000000001d6 is an unknown value
R11=0x00007f70e67fd1d0: putchar+0 in /lib/x86_64-linux-gnu/libc.so.6 at 0x00007f70e678c000
R12=0x0000000000000001 is an unknown value
R13=0x00007f70e7390798 is pointing into the stack for thread: 0x00007f70e0009800
R14=0x0000000000000000 is an unknown value
R15=0x00007f70e0009800 is a thread


Stack: [0x00007f70e7291000,0x00007f70e7392000],  sp=0x00007f70e7390208,  free space=1020k
Native frames: (J=compiled Java code, j=interpreted, Vv=VM code, C=native code)
C  [libc.so.6+0x95d53]  strchrnul+0x23
C  [libc.so.6+0x55849]  _IO_printf+0x99
j  packetmaker.RawPacketSender.sendPacket([C)V+0
j  packetmaker.Main.main([Ljava/lang/String;)V+22
v  ~StubRoutines::call_stub
V  [libjvm.so+0x68f6b6]  JavaCalls::call_helper(JavaValue*, methodHandle*, JavaCallArguments*, Thread*)+0x1056
V  [libjvm.so+0x6d0d42]  jni_invoke_static(JNIEnv_*, JavaValue*, _jobject*, JNICallType, _jmethodID*, JNI_ArgumentPusher*, Thread*)+0x362
V  [libjvm.so+0x6ed5aa]  jni_CallStaticVoidMethod+0x17a
C  [libjli.so+0x7bdf]  JavaMain+0x81f
C  [libpthread.so.0+0x76fa]  start_thread+0xca

Java frames: (J=compiled Java code, j=interpreted, Vv=VM code)
j  packetmaker.RawPacketSender.sendPacket([C)V+0
j  packetmaker.Main.main([Ljava/lang/String;)V+22
v  ~StubRoutines::call_stub

---------------  P R O C E S S  ---------------

Java Threads: ( => current thread )
  0x00007f70e00ba000 JavaThread "Service Thread" daemon [_thread_blocked, id=13194, stack(0x00007f70cc58a000,0x00007f70cc68b000)]
  0x00007f70e00b7800 JavaThread "C1 CompilerThread1" daemon [_thread_blocked, id=13193, stack(0x00007f70cc68b000,0x00007f70cc78c000)]
  0x00007f70e00b4800 JavaThread "C2 CompilerThread0" daemon [_thread_blocked, id=13192, stack(0x00007f70cc78c000,0x00007f70cc88d000)]
  0x00007f70e00b3000 JavaThread "Signal Dispatcher" daemon [_thread_blocked, id=13191, stack(0x00007f70cc88d000,0x00007f70cc98e000)]
  0x00007f70e007f800 JavaThread "Finalizer" daemon [_thread_blocked, id=13190, stack(0x00007f70cd34d000,0x00007f70cd44e000)]
  0x00007f70e007b000 JavaThread "Reference Handler" daemon [_thread_blocked, id=13189, stack(0x00007f70cd44e000,0x00007f70cd54f000)]
=>0x00007f70e0009800 JavaThread "main" [_thread_in_native, id=13185, stack(0x00007f70e7291000,0x00007f70e7392000)]

Other Threads:
  0x00007f70e0073800 VMThread [stack: 0x00007f70cd54f000,0x00007f70cd650000] [id=13188]
  0x00007f70e00bd000 WatcherThread [stack: 0x00007f70cc489000,0x00007f70cc58a000] [id=13195]

VM state:not at safepoint (normal execution)

VM Mutex/Monitor currently owned by a thread: None

Heap:
 PSYoungGen      total 18432K, used 635K [0x00000000eb700000, 0x00000000ecb80000, 0x0000000100000000)
  eden space 15872K, 4% used [0x00000000eb700000,0x00000000eb79ec00,0x00000000ec680000)
  from space 2560K, 0% used [0x00000000ec900000,0x00000000ec900000,0x00000000ecb80000)
  to   space 2560K, 0% used [0x00000000ec680000,0x00000000ec680000,0x00000000ec900000)
 ParOldGen       total 42496K, used 0K [0x00000000c2400000, 0x00000000c4d80000, 0x00000000eb700000)
  object space 42496K, 0% used [0x00000000c2400000,0x00000000c2400000,0x00000000c4d80000)
 Metaspace       used 2481K, capacity 4486K, committed 4864K, reserved 1056768K
  class space    used 267K, capacity 386K, committed 512K, reserved 1048576K

Card table byte_map: [0x00007f70d0e11000,0x00007f70d1000000] byte_map_base: 0x00007f70d07ff000

Marking Bits: (ParMarkBitMap*) 0x00007f70e675f120
 Begin Bits: [0x00007f70cebe5000, 0x00007f70cfb55000)
 End Bits:   [0x00007f70cfb55000, 0x00007f70d0ac5000)

Polling page: 0x00007f70e73ae000

CodeCache: size=245760Kb used=1071Kb max_used=1071Kb free=244689Kb
 bounds [0x00007f70d1000000, 0x00007f70d1270000, 0x00007f70e0000000]
 total_blobs=238 nmethods=10 adapters=143
 compilation: enabled

Compilation events (10 events):
Event: 0.149 Thread 0x00007f70e00b7800    5       3       java.lang.String::indexOf (70 bytes)
Event: 0.150 Thread 0x00007f70e00b7800 nmethod 5 0x00007f70d110a990 code [0x00007f70d110ab20, 0x00007f70d110aea8]
Event: 0.150 Thread 0x00007f70e00b7800    6       3       java.lang.Object::<init> (1 bytes)
Event: 0.150 Thread 0x00007f70e00b7800 nmethod 6 0x00007f70d110afd0 code [0x00007f70d110b140, 0x00007f70d110b290]
Event: 0.150 Thread 0x00007f70e00b7800    9       3       java.lang.Math::min (11 bytes)
Event: 0.150 Thread 0x00007f70e00b7800 nmethod 9 0x00007f70d110b310 code [0x00007f70d110b480, 0x00007f70d110b610]
Event: 0.150 Thread 0x00007f70e00b7800    8       1       java.lang.ref.Reference::get (5 bytes)
Event: 0.150 Thread 0x00007f70e00b7800 nmethod 8 0x00007f70d110b690 code [0x00007f70d110b7e0, 0x00007f70d110b8f0]
Event: 0.150 Thread 0x00007f70e00b7800   10       1       java.lang.ThreadLocal::access$400 (5 bytes)
Event: 0.150 Thread 0x00007f70e00b7800 nmethod 10 0x00007f70d110b950 code [0x00007f70d110baa0, 0x00007f70d110bb90]

GC Heap History (0 events):
No events

Deoptimization events (0 events):
No events

Internal exceptions (2 events):
Event: 0.068 Thread 0x00007f70e0009800 Exception <a 'java/lang/NoSuchMethodError': Method sun.misc.Unsafe.defineClass(Ljava/lang/String;[BII)Ljava/lang/Class; name or signature does not match> (0x00000000eb707cc0) thrown at [/HUDSON3/workspace/8-2-build-linux-amd64/jdk8u101/7261/hotspot/src/sh
Event: 0.069 Thread 0x00007f70e0009800 Exception <a 'java/lang/NoSuchMethodError': Method sun.misc.Unsafe.prefetchRead(Ljava/lang/Object;J)V name or signature does not match> (0x00000000eb707fa8) thrown at [/HUDSON3/workspace/8-2-build-linux-amd64/jdk8u101/7261/hotspot/src/share/vm/prims/jni.c

Events (10 events):
Event: 0.148 loading class java/security/BasicPermissionCollection
Event: 0.148 loading class java/security/BasicPermissionCollection done
Event: 0.148 loading class sun/launcher/LauncherHelper$FXHelper
Event: 0.148 loading class sun/launcher/LauncherHelper$FXHelper done
Event: 0.148 loading class java/lang/Class$MethodArray
Event: 0.149 loading class java/lang/Class$MethodArray done
Event: 0.149 loading class java/lang/Void
Event: 0.149 loading class java/lang/Void done
Event: 0.150 loading class packetmaker/RawPacketSender
Event: 0.150 loading class packetmaker/RawPacketSender done


Dynamic libraries:
00400000-00401000 r-xp 00000000 08:01 41869                              /usr/local/java/jdk1.8.0_101/bin/java
00600000-00601000 rw-p 00000000 08:01 41869                              /usr/local/java/jdk1.8.0_101/bin/java
01c1f000-01c40000 rw-p 00000000 00:00 0                                  [heap]
c2400000-c4d80000 rw-p 00000000 00:00 0 
c4d80000-eb700000 ---p 00000000 00:00 0 
eb700000-ecb80000 rw-p 00000000 00:00 0 
ecb80000-100000000 ---p 00000000 00:00 0 
100000000-100080000 rw-p 00000000 00:00 0 
100080000-140000000 ---p 00000000 00:00 0 
7f70a0000000-7f70a0021000 rw-p 00000000 00:00 0 
7f70a0021000-7f70a4000000 ---p 00000000 00:00 0 
7f70a8000000-7f70a8021000 rw-p 00000000 00:00 0 
7f70a8021000-7f70ac000000 ---p 00000000 00:00 0 
7f70ac000000-7f70ac021000 rw-p 00000000 00:00 0 
7f70ac021000-7f70b0000000 ---p 00000000 00:00 0 
7f70b0000000-7f70b0021000 rw-p 00000000 00:00 0 
7f70b0021000-7f70b4000000 ---p 00000000 00:00 0 
7f70b4000000-7f70b404e000 rw-p 00000000 00:00 0 
7f70b404e000-7f70b8000000 ---p 00000000 00:00 0 
7f70b8000000-7f70b8021000 rw-p 00000000 00:00 0 
7f70b8021000-7f70bc000000 ---p 00000000 00:00 0 
7f70bc000000-7f70bc021000 rw-p 00000000 00:00 0 
7f70bc021000-7f70c0000000 ---p 00000000 00:00 0 
7f70c0000000-7f70c0021000 rw-p 00000000 00:00 0 
7f70c0021000-7f70c4000000 ---p 00000000 00:00 0 
7f70c4000000-7f70c4021000 rw-p 00000000 00:00 0 
7f70c4021000-7f70c8000000 ---p 00000000 00:00 0 
7f70c8000000-7f70c8021000 rw-p 00000000 00:00 0 
7f70c8021000-7f70cc000000 ---p 00000000 00:00 0 
7f70cc000000-7f70cc287000 rw-p 00000000 00:00 0 
7f70cc287000-7f70cc288000 r-xp 00000000 08:01 191231                     /home/zak/NetBeansProjects/RawPacketOutputterJNI/dist/libRawPacketOutputterJNI.so
7f70cc288000-7f70cc487000 ---p 00001000 08:01 191231                     /home/zak/NetBeansProjects/RawPacketOutputterJNI/dist/libRawPacketOutputterJNI.so
7f70cc487000-7f70cc488000 r--p 00000000 08:01 191231                     /home/zak/NetBeansProjects/RawPacketOutputterJNI/dist/libRawPacketOutputterJNI.so
7f70cc488000-7f70cc489000 rw-p 00001000 08:01 191231                     /home/zak/NetBeansProjects/RawPacketOutputterJNI/dist/libRawPacketOutputterJNI.so
7f70cc489000-7f70cc48a000 ---p 00000000 00:00 0 
7f70cc48a000-7f70cc58a000 rw-p 00000000 00:00 0 
7f70cc58a000-7f70cc58d000 ---p 00000000 00:00 0 
7f70cc58d000-7f70cc68b000 rw-p 00000000 00:00 0 
7f70cc68b000-7f70cc68e000 ---p 00000000 00:00 0 
7f70cc68e000-7f70cc78c000 rw-p 00000000 00:00 0 
7f70cc78c000-7f70cc78f000 ---p 00000000 00:00 0 
7f70cc78f000-7f70cc88d000 rw-p 00000000 00:00 0 
7f70cc88d000-7f70cc890000 ---p 00000000 00:00 0 
7f70cc890000-7f70cc98e000 rw-p 00000000 00:00 0 
7f70cc98e000-7f70cd34d000 r--p 00000000 08:01 9153                       /usr/lib/locale/locale-archive
7f70cd34d000-7f70cd350000 ---p 00000000 00:00 0 
7f70cd350000-7f70cd44e000 rw-p 00000000 00:00 0 
7f70cd44e000-7f70cd451000 ---p 00000000 00:00 0 
7f70cd451000-7f70cd54f000 rw-p 00000000 00:00 0 
7f70cd54f000-7f70cd550000 ---p 00000000 00:00 0 
7f70cd550000-7f70cdfa8000 rw-p 00000000 00:00 0 
7f70cdfa8000-7f70ce181000 r--s 03d29000 08:01 41945                      /usr/local/java/jdk1.8.0_101/jre/lib/rt.jar
7f70ce181000-7f70ce637000 rw-p 00000000 00:00 0 
7f70ce637000-7f70ce9f7000 ---p 00000000 00:00 0 
7f70ce9f7000-7f70d0ac5000 rw-p 00000000 00:00 0 
7f70d0ac5000-7f70d0ac6000 ---p 00000000 00:00 0 
7f70d0ac6000-7f70d0bc6000 rw-p 00000000 00:00 0 
7f70d0bc6000-7f70d0bc7000 ---p 00000000 00:00 0 
7f70d0bc7000-7f70d0cdc000 rw-p 00000000 00:00 0 
7f70d0cdc000-7f70d0e11000 ---p 00000000 00:00 0 
7f70d0e11000-7f70d0e26000 rw-p 00000000 00:00 0 
7f70d0e26000-7f70d0f5a000 ---p 00000000 00:00 0 
7f70d0f5a000-7f70d0f65000 rw-p 00000000 00:00 0 
7f70d0f65000-7f70d0fff000 ---p 00000000 00:00 0 
7f70d0fff000-7f70d1000000 rw-p 00000000 00:00 0 
7f70d1000000-7f70d1270000 rwxp 00000000 00:00 0 
7f70d1270000-7f70e0000000 ---p 00000000 00:00 0 
7f70e0000000-7f70e00ea000 rw-p 00000000 00:00 0 
7f70e00ea000-7f70e4000000 ---p 00000000 00:00 0 
7f70e4016000-7f70e4041000 rw-p 00000000 00:00 0 
7f70e4041000-7f70e43f7000 ---p 00000000 00:00 0 
7f70e43f7000-7f70e4411000 r-xp 00000000 08:01 41974                      /usr/local/java/jdk1.8.0_101/jre/lib/amd64/libzip.so
7f70e4411000-7f70e4611000 ---p 0001a000 08:01 41974                      /usr/local/java/jdk1.8.0_101/jre/lib/amd64/libzip.so
7f70e4611000-7f70e4612000 rw-p 0001a000 08:01 41974                      /usr/local/java/jdk1.8.0_101/jre/lib/amd64/libzip.so
7f70e4612000-7f70e461d000 r-xp 00000000 08:01 268304                     /lib/x86_64-linux-gnu/libnss_files-2.23.so
7f70e461d000-7f70e481c000 ---p 0000b000 08:01 268304                     /lib/x86_64-linux-gnu/libnss_files-2.23.so
7f70e481c000-7f70e481d000 r--p 0000a000 08:01 268304                     /lib/x86_64-linux-gnu/libnss_files-2.23.so
7f70e481d000-7f70e481e000 rw-p 0000b000 08:01 268304                     /lib/x86_64-linux-gnu/libnss_files-2.23.so
7f70e481e000-7f70e4824000 rw-p 00000000 00:00 0 
7f70e4824000-7f70e482f000 r-xp 00000000 08:01 268314                     /lib/x86_64-linux-gnu/libnss_nis-2.23.so
7f70e482f000-7f70e4a2e000 ---p 0000b000 08:01 268314                     /lib/x86_64-linux-gnu/libnss_nis-2.23.so
7f70e4a2e000-7f70e4a2f000 r--p 0000a000 08:01 268314                     /lib/x86_64-linux-gnu/libnss_nis-2.23.so
7f70e4a2f000-7f70e4a30000 rw-p 0000b000 08:01 268314                     /lib/x86_64-linux-gnu/libnss_nis-2.23.so
7f70e4a30000-7f70e4a46000 r-xp 00000000 08:01 268298                     /lib/x86_64-linux-gnu/libnsl-2.23.so
7f70e4a46000-7f70e4c45000 ---p 00016000 08:01 268298                     /lib/x86_64-linux-gnu/libnsl-2.23.so
7f70e4c45000-7f70e4c46000 r--p 00015000 08:01 268298                     /lib/x86_64-linux-gnu/libnsl-2.23.so
7f70e4c46000-7f70e4c47000 rw-p 00016000 08:01 268298                     /lib/x86_64-linux-gnu/libnsl-2.23.so
7f70e4c47000-7f70e4c49000 rw-p 00000000 00:00 0 
7f70e4c49000-7f70e4c51000 r-xp 00000000 08:01 268300                     /lib/x86_64-linux-gnu/libnss_compat-2.23.so
7f70e4c51000-7f70e4e50000 ---p 00008000 08:01 268300                     /lib/x86_64-linux-gnu/libnss_compat-2.23.so
7f70e4e50000-7f70e4e51000 r--p 00007000 08:01 268300                     /lib/x86_64-linux-gnu/libnss_compat-2.23.so
7f70e4e51000-7f70e4e52000 rw-p 00008000 08:01 268300                     /lib/x86_64-linux-gnu/libnss_compat-2.23.so
7f70e4e52000-7f70e4e7c000 r-xp 00000000 08:01 42000                      /usr/local/java/jdk1.8.0_101/jre/lib/amd64/libjava.so
7f70e4e7c000-7f70e507c000 ---p 0002a000 08:01 42000                      /usr/local/java/jdk1.8.0_101/jre/lib/amd64/libjava.so
7f70e507c000-7f70e507e000 rw-p 0002a000 08:01 42000                      /usr/local/java/jdk1.8.0_101/jre/lib/amd64/libjava.so
7f70e507e000-7f70e508b000 r-xp 00000000 08:01 41954                      /usr/local/java/jdk1.8.0_101/jre/lib/amd64/libverify.so
7f70e508b000-7f70e528b000 ---p 0000d000 08:01 41954                      /usr/local/java/jdk1.8.0_101/jre/lib/amd64/libverify.so
7f70e528b000-7f70e528d000 rw-p 0000d000 08:01 41954                      /usr/local/java/jdk1.8.0_101/jre/lib/amd64/libverify.so
7f70e528d000-7f70e5294000 r-xp 00000000 08:01 268359                     /lib/x86_64-linux-gnu/librt-2.23.so
7f70e5294000-7f70e5493000 ---p 00007000 08:01 268359                     /lib/x86_64-linux-gnu/librt-2.23.so
7f70e5493000-7f70e5494000 r--p 00006000 08:01 268359                     /lib/x86_64-linux-gnu/librt-2.23.so
7f70e5494000-7f70e5495000 rw-p 00007000 08:01 268359                     /lib/x86_64-linux-gnu/librt-2.23.so
7f70e5495000-7f70e559d000 r-xp 00000000 08:01 268275                     /lib/x86_64-linux-gnu/libm-2.23.so
7f70e559d000-7f70e579c000 ---p 00108000 08:01 268275                     /lib/x86_64-linux-gnu/libm-2.23.so
7f70e579c000-7f70e579d000 r--p 00107000 08:01 268275                     /lib/x86_64-linux-gnu/libm-2.23.so
7f70e579d000-7f70e579e000 rw-p 00108000 08:01 268275                     /lib/x86_64-linux-gnu/libm-2.23.so
7f70e579e000-7f70e6469000 r-xp 00000000 08:01 42004                      /usr/local/java/jdk1.8.0_101/jre/lib/amd64/server/libjvm.so
7f70e6469000-7f70e6668000 ---p 00ccb000 08:01 42004                      /usr/local/java/jdk1.8.0_101/jre/lib/amd64/server/libjvm.so
7f70e6668000-7f70e6741000 rw-p 00cca000 08:01 42004                      /usr/local/java/jdk1.8.0_101/jre/lib/amd64/server/libjvm.so
7f70e6741000-7f70e678c000 rw-p 00000000 00:00 0 
7f70e678c000-7f70e694c000 r-xp 00000000 08:01 268205                     /lib/x86_64-linux-gnu/libc-2.23.so
7f70e694c000-7f70e6b4b000 ---p 001c0000 08:01 268205                     /lib/x86_64-linux-gnu/libc-2.23.so
7f70e6b4b000-7f70e6b4f000 r--p 001bf000 08:01 268205                     /lib/x86_64-linux-gnu/libc-2.23.so
7f70e6b4f000-7f70e6b51000 rw-p 001c3000 08:01 268205                     /lib/x86_64-linux-gnu/libc-2.23.so
7f70e6b51000-7f70e6b55000 rw-p 00000000 00:00 0 
7f70e6b55000-7f70e6b58000 r-xp 00000000 08:01 268229                     /lib/x86_64-linux-gnu/libdl-2.23.so
7f70e6b58000-7f70e6d57000 ---p 00003000 08:01 268229                     /lib/x86_64-linux-gnu/libdl-2.23.so
7f70e6d57000-7f70e6d58000 r--p 00002000 08:01 268229                     /lib/x86_64-linux-gnu/libdl-2.23.so
7f70e6d58000-7f70e6d59000 rw-p 00003000 08:01 268229                     /lib/x86_64-linux-gnu/libdl-2.23.so
7f70e6d59000-7f70e6d6e000 r-xp 00000000 08:01 40302                      /usr/local/java/jdk1.8.0_101/lib/amd64/jli/libjli.so
7f70e6d6e000-7f70e6f6e000 ---p 00015000 08:01 40302                      /usr/local/java/jdk1.8.0_101/lib/amd64/jli/libjli.so
7f70e6f6e000-7f70e6f6f000 rw-p 00015000 08:01 40302                      /usr/local/java/jdk1.8.0_101/lib/amd64/jli/libjli.so
7f70e6f6f000-7f70e6f87000 r-xp 00000000 08:01 268351                     /lib/x86_64-linux-gnu/libpthread-2.23.so
7f70e6f87000-7f70e7186000 ---p 00018000 08:01 268351                     /lib/x86_64-linux-gnu/libpthread-2.23.so
7f70e7186000-7f70e7187000 r--p 00017000 08:01 268351                     /lib/x86_64-linux-gnu/libpthread-2.23.so
7f70e7187000-7f70e7188000 rw-p 00018000 08:01 268351                     /lib/x86_64-linux-gnu/libpthread-2.23.so
7f70e7188000-7f70e718c000 rw-p 00000000 00:00 0 
7f70e718c000-7f70e71b2000 r-xp 00000000 08:01 268177                     /lib/x86_64-linux-gnu/ld-2.23.so
7f70e71b8000-7f70e7291000 rw-p 00000000 00:00 0 
7f70e7291000-7f70e7294000 ---p 00000000 00:00 0 
7f70e7294000-7f70e7396000 rw-p 00000000 00:00 0 
7f70e73a5000-7f70e73ad000 rw-s 00000000 08:01 432170                     /tmp/hsperfdata_root/13181
7f70e73ad000-7f70e73ae000 rw-p 00000000 00:00 0 
7f70e73ae000-7f70e73af000 r--p 00000000 00:00 0 
7f70e73af000-7f70e73b1000 rw-p 00000000 00:00 0 
7f70e73b1000-7f70e73b2000 r--p 00025000 08:01 268177                     /lib/x86_64-linux-gnu/ld-2.23.so
7f70e73b2000-7f70e73b3000 rw-p 00026000 08:01 268177                     /lib/x86_64-linux-gnu/ld-2.23.so
7f70e73b3000-7f70e73b4000 rw-p 00000000 00:00 0 
7ffca45e2000-7ffca4603000 rw-p 00000000 00:00 0                          [stack]
7ffca4698000-7ffca469a000 r--p 00000000 00:00 0                          [vvar]
7ffca469a000-7ffca469c000 r-xp 00000000 00:00 0                          [vdso]
ffffffffff600000-ffffffffff601000 r-xp 00000000 00:00 0                  [vsyscall]

VM Arguments:
jvm_args: -Dfile.encoding=UTF-8 
java_command: packetmaker.Main
java_class_path (initial): /home/zak/NetBeansProjects/PacketMaker/build/classes
Launcher Type: SUN_STANDARD

Environment Variables:
PATH=/usr/local/sbin:/usr/local/bin:/usr/sbin:/usr/bin:/sbin:/bin
USERNAME=root
LD_LIBRARY_PATH=/usr/local/java/jdk1.8.0_101/jre/lib/amd64:/usr/local/java/jdk1.8.0_101/jre/lib/i386:
SHELL=/bin/bash
DISPLAY=:0

Signal Handlers:
SIGSEGV: [libjvm.so+0xac4790], sa_mask[0]=11111111011111111101111111111110, sa_flags=SA_RESTART|SA_SIGINFO
SIGBUS: [libjvm.so+0xac4790], sa_mask[0]=11111111011111111101111111111110, sa_flags=SA_RESTART|SA_SIGINFO
SIGFPE: [libjvm.so+0x91f140], sa_mask[0]=11111111011111111101111111111110, sa_flags=SA_RESTART|SA_SIGINFO
SIGPIPE: [libjvm.so+0x91f140], sa_mask[0]=11111111011111111101111111111110, sa_flags=SA_RESTART|SA_SIGINFO
SIGXFSZ: [libjvm.so+0x91f140], sa_mask[0]=11111111011111111101111111111110, sa_flags=SA_RESTART|SA_SIGINFO
SIGILL: [libjvm.so+0x91f140], sa_mask[0]=11111111011111111101111111111110, sa_flags=SA_RESTART|SA_SIGINFO
SIGUSR1: SIG_DFL, sa_mask[0]=00000000000000000000000000000000, sa_flags=none
SIGUSR2: [libjvm.so+0x920770], sa_mask[0]=00100000000000000000000000000000, sa_flags=SA_RESTART|SA_SIGINFO
SIGHUP: [libjvm.so+0x921b70], sa_mask[0]=11111111011111111101111111111110, sa_flags=SA_RESTART|SA_SIGINFO
SIGINT: SIG_IGN, sa_mask[0]=00000000000000000000000000000000, sa_flags=none
SIGTERM: [libjvm.so+0x921b70], sa_mask[0]=11111111011111111101111111111110, sa_flags=SA_RESTART|SA_SIGINFO
SIGQUIT: [libjvm.so+0x921b70], sa_mask[0]=11111111011111111101111111111110, sa_flags=SA_RESTART|SA_SIGINFO


---------------  S Y S T E M  ---------------

OS:DISTRIB_ID=Ubuntu
DISTRIB_RELEASE=16.04
DISTRIB_CODENAME=xenial
DISTRIB_DESCRIPTION="Ubuntu 16.04.1 LTS"

uname:Linux 4.4.0-31-generic #50-Ubuntu SMP Wed Jul 13 00:07:12 UTC 2016 x86_64
libc:glibc 2.23 NPTL 2.23 
rlimit: STACK 8192k, CORE 0k, NPROC 15656, NOFILE 65536, AS infinity
load average:0.19 0.31 0.38

/proc/meminfo:
MemTotal:        4046652 kB
MemFree:          375016 kB
MemAvailable:    2080824 kB
Buffers:          128140 kB
Cached:          1714340 kB
SwapCached:            0 kB
Active:          2615876 kB
Inactive:         799264 kB
Active(anon):    1559880 kB
Inactive(anon):    27864 kB
Active(file):    1055996 kB
Inactive(file):   771400 kB
Unevictable:          32 kB
Mlocked:              32 kB
SwapTotal:       3126268 kB
SwapFree:        3126228 kB
Dirty:               608 kB
Writeback:             0 kB
AnonPages:       1572720 kB
Mapped:           203136 kB
Shmem:             15080 kB
Slab:             187692 kB
SReclaimable:     163068 kB
SUnreclaim:        24624 kB
KernelStack:        7200 kB
PageTables:        28668 kB
NFS_Unstable:          0 kB
Bounce:                0 kB
WritebackTmp:          0 kB
CommitLimit:     5149592 kB
Committed_AS:    4229776 kB
VmallocTotal:   34359738367 kB
VmallocUsed:           0 kB
VmallocChunk:          0 kB
HardwareCorrupted:     0 kB
AnonHugePages:   1155072 kB
CmaTotal:              0 kB
CmaFree:               0 kB
HugePages_Total:       0
HugePages_Free:        0
HugePages_Rsvd:        0
HugePages_Surp:        0
Hugepagesize:       2048 kB
DirectMap4k:      102336 kB
DirectMap2M:     4091904 kB


CPU:total 2 (2 cores per cpu, 1 threads per core) family 6 model 61 stepping 4, cmov, cx8, fxsr, mmx, sse, sse2, sse3, ssse3, sse4.1, sse4.2, popcnt, avx, aes, clmul, 3dnowpref, lzcnt, tsc, tscinvbit

/proc/cpuinfo:
processor	: 0
vendor_id	: GenuineIntel
cpu family	: 6
model		: 61
model name	: Intel(R) Core(TM) i5-5257U CPU @ 2.70GHz
stepping	: 4
cpu MHz		: 2700.000
cache size	: 3072 KB
physical id	: 0
siblings	: 2
core id		: 0
cpu cores	: 2
apicid		: 0
initial apicid	: 0
fpu		: yes
fpu_exception	: yes
cpuid level	: 20
wp		: yes
flags		: fpu vme de pse tsc msr pae mce cx8 apic sep mtrr pge mca cmov pat pse36 clflush mmx fxsr sse sse2 ht syscall nx rdtscp lm constant_tsc rep_good nopl xtopology nonstop_tsc pni pclmulqdq ssse3 cx16 sse4_1 sse4_2 movbe popcnt aes xsave avx rdrand hypervisor lahf_lm abm 3dnowprefetch rdseed
bugs		:
bogomips	: 5400.00
clflush size	: 64
cache_alignment	: 64
address sizes	: 39 bits physical, 48 bits virtual
power management:

processor	: 1
vendor_id	: GenuineIntel
cpu family	: 6
model		: 61
model name	: Intel(R) Core(TM) i5-5257U CPU @ 2.70GHz
stepping	: 4
cpu MHz		: 2700.000
cache size	: 3072 KB
physical id	: 0
siblings	: 2
core id		: 1
cpu cores	: 2
apicid		: 1
initial apicid	: 1
fpu		: yes
fpu_exception	: yes
cpuid level	: 20
wp		: yes
flags		: fpu vme de pse tsc msr pae mce cx8 apic sep mtrr pge mca cmov pat pse36 clflush mmx fxsr sse sse2 ht syscall nx rdtscp lm constant_tsc rep_good nopl xtopology nonstop_tsc pni pclmulqdq ssse3 cx16 sse4_1 sse4_2 movbe popcnt aes xsave avx rdrand hypervisor lahf_lm abm 3dnowprefetch rdseed
bugs		:
bogomips	: 5400.00
clflush size	: 64
cache_alignment	: 64
address sizes	: 39 bits physical, 48 bits virtual
power management:



Memory: 4k page, physical 4046652k(375016k free), swap 3126268k(3126228k free)

vm_info: Java HotSpot(TM) 64-Bit Server VM (25.101-b13) for linux-amd64 JRE (1.8.0_101-b13), built on Jun 22 2016 02:59:44 by "java_re" with gcc 4.3.0 20080428 (Red Hat 4.3.0-8)

time: Thu Jul 28 21:07:00 2016
elapsed time: 0 seconds (0d 0h 0m 0s)

